2025-06-21 21:45:36,994 [1] WARN  Microsoft.EntityFrameworkCore.Model.Validation - Entity 'LeaveType' has a global query filter defined and is the required end of a relationship with the entity 'LeaveBalance'. This may lead to unexpected results when the required entity is filtered out. Either configure the navigation as optional, or define matching query filters for both entities in the navigation. See https://go.microsoft.com/fwlink/?linkid=2131316 for more information.
2025-06-21 21:45:37,252 [1] INFO  Microsoft.Hosting.Lifetime - Now listening on: http://localhost:5000
2025-06-21 21:45:37,253 [1] INFO  Microsoft.Hosting.Lifetime - Application started. Press Ctrl+C to shut down.
2025-06-21 21:45:37,253 [1] INFO  Microsoft.Hosting.Lifetime - Hosting environment: Development
2025-06-21 21:45:37,253 [1] INFO  Microsoft.Hosting.Lifetime - Content root path: /Users/presidio/Desktop/AllApi/LeaveManagementSystem copy/LeaveManagementSystem
2025-06-21 21:45:37,357 [10] INFO  Microsoft.EntityFrameworkCore.Database.Command - Executed DbCommand (27ms) [Parameters=[], CommandType='Text', CommandTimeout='30']
SELECT l."Id", l."CreatedAt", l."DeletedAt", l."EndDate", l."IsDeleted", l."LeaveTypeId", l."Reason", l."ReviewedById", l."StartDate", l."Status", l."UpdatedAt", l."UserId", t."Id", t."CreatedAt", t."CreatedBy", t."DeletedAt", t."Email", t."Gender", t."IsActive", t."IsDeleted", t."LastLoginAt", t."PasswordHash", t."Role", t."Username", t0."Id", t0."CreatedAt", t0."CreatedBy", t0."DeletedAt", t0."Description", t0."IsDeleted", t0."Name", t0."StandardLeaveCount", t0."UpdatedAt", t0."UpdatedBy", t1."Id", t1."CreatedAt", t1."CreatedBy", t1."DeletedAt", t1."Email", t1."Gender", t1."IsActive", t1."IsDeleted", t1."LastLoginAt", t1."PasswordHash", t1."Role", t1."Username", t2."Id", t2."DeletedAt", t2."FileContent", t2."FileName", t2."IsDeleted", t2."LeaveRequestId", t2."UploadedAt"
FROM "LeaveRequests" AS l
INNER JOIN (
    SELECT u."Id", u."CreatedAt", u."CreatedBy", u."DeletedAt", u."Email", u."Gender", u."IsActive", u."IsDeleted", u."LastLoginAt", u."PasswordHash", u."Role", u."Username"
    FROM "Users" AS u
    WHERE NOT (u."IsDeleted")
) AS t ON l."UserId" = t."Id"
INNER JOIN (
    SELECT l0."Id", l0."CreatedAt", l0."CreatedBy", l0."DeletedAt", l0."Description", l0."IsDeleted", l0."Name", l0."StandardLeaveCount", l0."UpdatedAt", l0."UpdatedBy"
    FROM "LeaveTypes" AS l0
    WHERE NOT (l0."IsDeleted")
) AS t0 ON l."LeaveTypeId" = t0."Id"
LEFT JOIN (
    SELECT u0."Id", u0."CreatedAt", u0."CreatedBy", u0."DeletedAt", u0."Email", u0."Gender", u0."IsActive", u0."IsDeleted", u0."LastLoginAt", u0."PasswordHash", u0."Role", u0."Username"
    FROM "Users" AS u0
    WHERE NOT (u0."IsDeleted")
) AS t1 ON l."ReviewedById" = t1."Id"
LEFT JOIN (
    SELECT l1."Id", l1."DeletedAt", l1."FileContent", l1."FileName", l1."IsDeleted", l1."LeaveRequestId", l1."UploadedAt"
    FROM "LeaveAttachments" AS l1
    WHERE NOT (l1."IsDeleted")
) AS t2 ON l."Id" = t2."LeaveRequestId"
WHERE NOT (l."IsDeleted")
ORDER BY l."Id", t."Id", t0."Id", t1."Id"
2025-06-21 21:46:29,586 [.NET Signal Handler] INFO  Microsoft.Hosting.Lifetime - Application is shutting down...
2025-06-21 21:46:39,738 [1] WARN  Microsoft.EntityFrameworkCore.Model.Validation - Entity 'LeaveType' has a global query filter defined and is the required end of a relationship with the entity 'LeaveBalance'. This may lead to unexpected results when the required entity is filtered out. Either configure the navigation as optional, or define matching query filters for both entities in the navigation. See https://go.microsoft.com/fwlink/?linkid=2131316 for more information.
2025-06-21 21:46:39,988 [1] INFO  Microsoft.Hosting.Lifetime - Now listening on: http://localhost:5000
2025-06-21 21:46:39,989 [1] INFO  Microsoft.Hosting.Lifetime - Application started. Press Ctrl+C to shut down.
2025-06-21 21:46:39,989 [1] INFO  Microsoft.Hosting.Lifetime - Hosting environment: Development
2025-06-21 21:46:39,989 [1] INFO  Microsoft.Hosting.Lifetime - Content root path: /Users/presidio/Desktop/AllApi/LeaveManagementSystem copy/LeaveManagementSystem
2025-06-21 21:46:40,040 [7] INFO  Microsoft.EntityFrameworkCore.Database.Command - Executed DbCommand (16ms) [Parameters=[], CommandType='Text', CommandTimeout='30']
SELECT l."Id", l."CreatedAt", l."DeletedAt", l."EndDate", l."IsDeleted", l."LeaveTypeId", l."Reason", l."ReviewedById", l."StartDate", l."Status", l."UpdatedAt", l."UserId", t."Id", t."CreatedAt", t."CreatedBy", t."DeletedAt", t."Email", t."Gender", t."IsActive", t."IsDeleted", t."LastLoginAt", t."PasswordHash", t."Role", t."Username", t0."Id", t0."CreatedAt", t0."CreatedBy", t0."DeletedAt", t0."Description", t0."IsDeleted", t0."Name", t0."StandardLeaveCount", t0."UpdatedAt", t0."UpdatedBy", t1."Id", t1."CreatedAt", t1."CreatedBy", t1."DeletedAt", t1."Email", t1."Gender", t1."IsActive", t1."IsDeleted", t1."LastLoginAt", t1."PasswordHash", t1."Role", t1."Username", t2."Id", t2."DeletedAt", t2."FileContent", t2."FileName", t2."IsDeleted", t2."LeaveRequestId", t2."UploadedAt"
FROM "LeaveRequests" AS l
INNER JOIN (
    SELECT u."Id", u."CreatedAt", u."CreatedBy", u."DeletedAt", u."Email", u."Gender", u."IsActive", u."IsDeleted", u."LastLoginAt", u."PasswordHash", u."Role", u."Username"
    FROM "Users" AS u
    WHERE NOT (u."IsDeleted")
) AS t ON l."UserId" = t."Id"
INNER JOIN (
    SELECT l0."Id", l0."CreatedAt", l0."CreatedBy", l0."DeletedAt", l0."Description", l0."IsDeleted", l0."Name", l0."StandardLeaveCount", l0."UpdatedAt", l0."UpdatedBy"
    FROM "LeaveTypes" AS l0
    WHERE NOT (l0."IsDeleted")
) AS t0 ON l."LeaveTypeId" = t0."Id"
LEFT JOIN (
    SELECT u0."Id", u0."CreatedAt", u0."CreatedBy", u0."DeletedAt", u0."Email", u0."Gender", u0."IsActive", u0."IsDeleted", u0."LastLoginAt", u0."PasswordHash", u0."Role", u0."Username"
    FROM "Users" AS u0
    WHERE NOT (u0."IsDeleted")
) AS t1 ON l."ReviewedById" = t1."Id"
LEFT JOIN (
    SELECT l1."Id", l1."DeletedAt", l1."FileContent", l1."FileName", l1."IsDeleted", l1."LeaveRequestId", l1."UploadedAt"
    FROM "LeaveAttachments" AS l1
    WHERE NOT (l1."IsDeleted")
) AS t2 ON l."Id" = t2."LeaveRequestId"
WHERE NOT (l."IsDeleted")
ORDER BY l."Id", t."Id", t0."Id", t1."Id"
2025-06-21 21:48:48,755 [.NET Signal Handler] INFO  Microsoft.Hosting.Lifetime - Application is shutting down...
2025-06-21 21:48:53,664 [1] WARN  Microsoft.EntityFrameworkCore.Model.Validation - Entity 'LeaveType' has a global query filter defined and is the required end of a relationship with the entity 'LeaveBalance'. This may lead to unexpected results when the required entity is filtered out. Either configure the navigation as optional, or define matching query filters for both entities in the navigation. See https://go.microsoft.com/fwlink/?linkid=2131316 for more information.
2025-06-21 21:48:53,913 [1] INFO  Microsoft.Hosting.Lifetime - Now listening on: http://localhost:5000
2025-06-21 21:48:53,914 [1] INFO  Microsoft.Hosting.Lifetime - Application started. Press Ctrl+C to shut down.
2025-06-21 21:48:53,914 [1] INFO  Microsoft.Hosting.Lifetime - Hosting environment: Development
2025-06-21 21:48:53,914 [1] INFO  Microsoft.Hosting.Lifetime - Content root path: /Users/presidio/Desktop/AllApi/LeaveManagementSystem copy/LeaveManagementSystem
2025-06-21 21:48:53,972 [13] INFO  Microsoft.EntityFrameworkCore.Database.Command - Executed DbCommand (16ms) [Parameters=[], CommandType='Text', CommandTimeout='30']
SELECT l."Id", l."CreatedAt", l."DeletedAt", l."EndDate", l."IsDeleted", l."LeaveTypeId", l."Reason", l."ReviewedById", l."StartDate", l."Status", l."UpdatedAt", l."UserId", t."Id", t."CreatedAt", t."CreatedBy", t."DeletedAt", t."Email", t."Gender", t."IsActive", t."IsDeleted", t."LastLoginAt", t."PasswordHash", t."Role", t."Username", t0."Id", t0."CreatedAt", t0."CreatedBy", t0."DeletedAt", t0."Description", t0."IsDeleted", t0."Name", t0."StandardLeaveCount", t0."UpdatedAt", t0."UpdatedBy", t1."Id", t1."CreatedAt", t1."CreatedBy", t1."DeletedAt", t1."Email", t1."Gender", t1."IsActive", t1."IsDeleted", t1."LastLoginAt", t1."PasswordHash", t1."Role", t1."Username", t2."Id", t2."DeletedAt", t2."FileContent", t2."FileName", t2."IsDeleted", t2."LeaveRequestId", t2."UploadedAt"
FROM "LeaveRequests" AS l
INNER JOIN (
    SELECT u."Id", u."CreatedAt", u."CreatedBy", u."DeletedAt", u."Email", u."Gender", u."IsActive", u."IsDeleted", u."LastLoginAt", u."PasswordHash", u."Role", u."Username"
    FROM "Users" AS u
    WHERE NOT (u."IsDeleted")
) AS t ON l."UserId" = t."Id"
INNER JOIN (
    SELECT l0."Id", l0."CreatedAt", l0."CreatedBy", l0."DeletedAt", l0."Description", l0."IsDeleted", l0."Name", l0."StandardLeaveCount", l0."UpdatedAt", l0."UpdatedBy"
    FROM "LeaveTypes" AS l0
    WHERE NOT (l0."IsDeleted")
) AS t0 ON l."LeaveTypeId" = t0."Id"
LEFT JOIN (
    SELECT u0."Id", u0."CreatedAt", u0."CreatedBy", u0."DeletedAt", u0."Email", u0."Gender", u0."IsActive", u0."IsDeleted", u0."LastLoginAt", u0."PasswordHash", u0."Role", u0."Username"
    FROM "Users" AS u0
    WHERE NOT (u0."IsDeleted")
) AS t1 ON l."ReviewedById" = t1."Id"
LEFT JOIN (
    SELECT l1."Id", l1."DeletedAt", l1."FileContent", l1."FileName", l1."IsDeleted", l1."LeaveRequestId", l1."UploadedAt"
    FROM "LeaveAttachments" AS l1
    WHERE NOT (l1."IsDeleted")
) AS t2 ON l."Id" = t2."LeaveRequestId"
WHERE NOT (l."IsDeleted")
ORDER BY l."Id", t."Id", t0."Id", t1."Id"
2025-06-21 21:48:56,566 [.NET Signal Handler] INFO  Microsoft.Hosting.Lifetime - Application is shutting down...
2025-06-21 21:49:02,689 [1] WARN  Microsoft.EntityFrameworkCore.Model.Validation - Entity 'LeaveType' has a global query filter defined and is the required end of a relationship with the entity 'LeaveBalance'. This may lead to unexpected results when the required entity is filtered out. Either configure the navigation as optional, or define matching query filters for both entities in the navigation. See https://go.microsoft.com/fwlink/?linkid=2131316 for more information.
2025-06-21 21:49:02,932 [1] INFO  Microsoft.Hosting.Lifetime - Now listening on: http://localhost:5000
2025-06-21 21:49:02,933 [1] INFO  Microsoft.Hosting.Lifetime - Application started. Press Ctrl+C to shut down.
2025-06-21 21:49:02,933 [1] INFO  Microsoft.Hosting.Lifetime - Hosting environment: Development
2025-06-21 21:49:02,933 [1] INFO  Microsoft.Hosting.Lifetime - Content root path: /Users/presidio/Desktop/AllApi/LeaveManagementSystem copy/LeaveManagementSystem
2025-06-21 21:49:02,976 [7] INFO  Microsoft.EntityFrameworkCore.Database.Command - Executed DbCommand (18ms) [Parameters=[], CommandType='Text', CommandTimeout='30']
SELECT l."Id", l."CreatedAt", l."DeletedAt", l."EndDate", l."IsDeleted", l."LeaveTypeId", l."Reason", l."ReviewedById", l."StartDate", l."Status", l."UpdatedAt", l."UserId", t."Id", t."CreatedAt", t."CreatedBy", t."DeletedAt", t."Email", t."Gender", t."IsActive", t."IsDeleted", t."LastLoginAt", t."PasswordHash", t."Role", t."Username", t0."Id", t0."CreatedAt", t0."CreatedBy", t0."DeletedAt", t0."Description", t0."IsDeleted", t0."Name", t0."StandardLeaveCount", t0."UpdatedAt", t0."UpdatedBy", t1."Id", t1."CreatedAt", t1."CreatedBy", t1."DeletedAt", t1."Email", t1."Gender", t1."IsActive", t1."IsDeleted", t1."LastLoginAt", t1."PasswordHash", t1."Role", t1."Username", t2."Id", t2."DeletedAt", t2."FileContent", t2."FileName", t2."IsDeleted", t2."LeaveRequestId", t2."UploadedAt"
FROM "LeaveRequests" AS l
INNER JOIN (
    SELECT u."Id", u."CreatedAt", u."CreatedBy", u."DeletedAt", u."Email", u."Gender", u."IsActive", u."IsDeleted", u."LastLoginAt", u."PasswordHash", u."Role", u."Username"
    FROM "Users" AS u
    WHERE NOT (u."IsDeleted")
) AS t ON l."UserId" = t."Id"
INNER JOIN (
    SELECT l0."Id", l0."CreatedAt", l0."CreatedBy", l0."DeletedAt", l0."Description", l0."IsDeleted", l0."Name", l0."StandardLeaveCount", l0."UpdatedAt", l0."UpdatedBy"
    FROM "LeaveTypes" AS l0
    WHERE NOT (l0."IsDeleted")
) AS t0 ON l."LeaveTypeId" = t0."Id"
LEFT JOIN (
    SELECT u0."Id", u0."CreatedAt", u0."CreatedBy", u0."DeletedAt", u0."Email", u0."Gender", u0."IsActive", u0."IsDeleted", u0."LastLoginAt", u0."PasswordHash", u0."Role", u0."Username"
    FROM "Users" AS u0
    WHERE NOT (u0."IsDeleted")
) AS t1 ON l."ReviewedById" = t1."Id"
LEFT JOIN (
    SELECT l1."Id", l1."DeletedAt", l1."FileContent", l1."FileName", l1."IsDeleted", l1."LeaveRequestId", l1."UploadedAt"
    FROM "LeaveAttachments" AS l1
    WHERE NOT (l1."IsDeleted")
) AS t2 ON l."Id" = t2."LeaveRequestId"
WHERE NOT (l."IsDeleted")
ORDER BY l."Id", t."Id", t0."Id", t1."Id"
2025-06-21 21:49:06,772 [7] INFO  LeaveManagementSystem.Middlewares.ExceptionHandlingMiddleware - [Incoming Request] Timestamp: 2025-06-21T16:19:06.7722840Z, Method: POST, Path: /api/v1/auth/login, User: Anonymous
2025-06-21 21:49:06,834 [13] INFO  Microsoft.EntityFrameworkCore.Database.Command - Executed DbCommand (2ms) [Parameters=[], CommandType='Text', CommandTimeout='30']
SELECT u."Id", u."CreatedAt", u."CreatedBy", u."DeletedAt", u."Email", u."Gender", u."IsActive", u."IsDeleted", u."LastLoginAt", u."PasswordHash", u."Role", u."Username"
FROM "Users" AS u
WHERE NOT (u."IsDeleted")
2025-06-21 21:49:06,835 [13] WARN  LeaveManagementSystem.Services.AuthenticationService - Failed login attempt for chandler@gmail.com
2025-06-21 21:49:06,842 [13] WARN  LeaveManagementSystem.Controllers.AuthenticationController - Unauthorized login attempt for chandler@gmail.com.
System.UnauthorizedAccessException: Invalid credentials
   at LeaveManagementSystem.Services.AuthenticationService.LoginAsync(UserLoginRequest request) in /Users/presidio/Desktop/AllApi/LeaveManagementSystem copy/LeaveManagementSystem/Services/AuthenticationService.cs:line 41
   at LeaveManagementSystem.Controllers.AuthenticationController.Login(UserLoginRequest request) in /Users/presidio/Desktop/AllApi/LeaveManagementSystem copy/LeaveManagementSystem/Controllers/AuthenticationController.cs:line 36
2025-06-21 21:49:19,337 [13] INFO  LeaveManagementSystem.Middlewares.ExceptionHandlingMiddleware - [Incoming Request] Timestamp: 2025-06-21T16:19:19.3376350Z, Method: POST, Path: /api/v1/auth/login, User: Anonymous
2025-06-21 21:49:19,390 [9] INFO  Microsoft.EntityFrameworkCore.Database.Command - Executed DbCommand (1ms) [Parameters=[], CommandType='Text', CommandTimeout='30']
SELECT u."Id", u."CreatedAt", u."CreatedBy", u."DeletedAt", u."Email", u."Gender", u."IsActive", u."IsDeleted", u."LastLoginAt", u."PasswordHash", u."Role", u."Username"
FROM "Users" AS u
WHERE NOT (u."IsDeleted")
2025-06-21 21:49:19,631 [9] INFO  LeaveManagementSystem.Services.AuthenticationService - User chandler@example.com logged in successfully
2025-06-21 21:49:19,633 [9] INFO  LeaveManagementSystem.Controllers.AuthenticationController - User chandler@example.com logged in successfully.
