2025-06-18 13:49:24,200 [1] WARN  Microsoft.EntityFrameworkCore.Model.Validation - Entity 'LeaveType' has a global query filter defined and is the required end of a relationship with the entity 'LeaveBalance'. This may lead to unexpected results when the required entity is filtered out. Either configure the navigation as optional, or define matching query filters for both entities in the navigation. See https://go.microsoft.com/fwlink/?linkid=2131316 for more information.
2025-06-18 13:49:24,520 [1] INFO  Microsoft.Hosting.Lifetime - Now listening on: http://localhost:5000
2025-06-18 13:49:24,521 [1] INFO  Microsoft.Hosting.Lifetime - Application started. Press Ctrl+C to shut down.
2025-06-18 13:49:24,521 [1] INFO  Microsoft.Hosting.Lifetime - Hosting environment: Development
2025-06-18 13:49:24,521 [1] INFO  Microsoft.Hosting.Lifetime - Content root path: /Users/presidio/Desktop/AllApi/LeaveManagementSystem copy/LeaveManagementSystem
2025-06-18 13:49:24,595 [10] INFO  Microsoft.EntityFrameworkCore.Database.Command - Executed DbCommand (21ms) [Parameters=[], CommandType='Text', CommandTimeout='30']
SELECT l."Id", l."CreatedAt", l."DeletedAt", l."EndDate", l."IsDeleted", l."LeaveTypeId", l."Reason", l."ReviewedById", l."StartDate", l."Status", l."UpdatedAt", l."UserId", t."Id", t."CreatedAt", t."CreatedBy", t."DeletedAt", t."Email", t."Gender", t."IsActive", t."IsDeleted", t."LastLoginAt", t."PasswordHash", t."Role", t."Username", t0."Id", t0."CreatedAt", t0."CreatedBy", t0."DeletedAt", t0."Description", t0."IsDeleted", t0."Name", t0."StandardLeaveCount", t0."UpdatedAt", t0."UpdatedBy", t1."Id", t1."CreatedAt", t1."CreatedBy", t1."DeletedAt", t1."Email", t1."Gender", t1."IsActive", t1."IsDeleted", t1."LastLoginAt", t1."PasswordHash", t1."Role", t1."Username", t2."Id", t2."DeletedAt", t2."FileContent", t2."FileName", t2."IsDeleted", t2."LeaveRequestId", t2."UploadedAt"
FROM "LeaveRequests" AS l
INNER JOIN (
    SELECT u."Id", u."CreatedAt", u."CreatedBy", u."DeletedAt", u."Email", u."Gender", u."IsActive", u."IsDeleted", u."LastLoginAt", u."PasswordHash", u."Role", u."Username"
    FROM "Users" AS u
    WHERE NOT (u."IsDeleted")
) AS t ON l."UserId" = t."Id"
INNER JOIN (
    SELECT l0."Id", l0."CreatedAt", l0."CreatedBy", l0."DeletedAt", l0."Description", l0."IsDeleted", l0."Name", l0."StandardLeaveCount", l0."UpdatedAt", l0."UpdatedBy"
    FROM "LeaveTypes" AS l0
    WHERE NOT (l0."IsDeleted")
) AS t0 ON l."LeaveTypeId" = t0."Id"
LEFT JOIN (
    SELECT u0."Id", u0."CreatedAt", u0."CreatedBy", u0."DeletedAt", u0."Email", u0."Gender", u0."IsActive", u0."IsDeleted", u0."LastLoginAt", u0."PasswordHash", u0."Role", u0."Username"
    FROM "Users" AS u0
    WHERE NOT (u0."IsDeleted")
) AS t1 ON l."ReviewedById" = t1."Id"
LEFT JOIN (
    SELECT l1."Id", l1."DeletedAt", l1."FileContent", l1."FileName", l1."IsDeleted", l1."LeaveRequestId", l1."UploadedAt"
    FROM "LeaveAttachments" AS l1
    WHERE NOT (l1."IsDeleted")
) AS t2 ON l."Id" = t2."LeaveRequestId"
WHERE NOT (l."IsDeleted")
ORDER BY l."Id", t."Id", t0."Id", t1."Id"
2025-06-18 13:49:40,496 [7] INFO  LeaveManagementSystem.Middlewares.ExceptionHandlingMiddleware - [Incoming Request] Timestamp: 2025-06-18T08:19:40.4961400Z, Method: POST, Path: /api/v1/auth/login, User: Anonymous
2025-06-18 13:49:40,581 [7] INFO  Microsoft.EntityFrameworkCore.Database.Command - Executed DbCommand (15ms) [Parameters=[], CommandType='Text', CommandTimeout='30']
SELECT u."Id", u."CreatedAt", u."CreatedBy", u."DeletedAt", u."Email", u."Gender", u."IsActive", u."IsDeleted", u."LastLoginAt", u."PasswordHash", u."Role", u."Username"
FROM "Users" AS u
WHERE NOT (u."IsDeleted")
2025-06-18 13:49:40,823 [7] INFO  LeaveManagementSystem.Services.AuthenticationService - User chandler@example.com logged in successfully
2025-06-18 13:49:40,825 [7] INFO  LeaveManagementSystem.Controllers.AuthenticationController - User chandler@example.com logged in successfully.
2025-06-18 13:54:24,642 [.NET Signal Handler] INFO  Microsoft.Hosting.Lifetime - Application is shutting down...
2025-06-18 13:54:29,705 [1] WARN  Microsoft.EntityFrameworkCore.Model.Validation - Entity 'LeaveType' has a global query filter defined and is the required end of a relationship with the entity 'LeaveBalance'. This may lead to unexpected results when the required entity is filtered out. Either configure the navigation as optional, or define matching query filters for both entities in the navigation. See https://go.microsoft.com/fwlink/?linkid=2131316 for more information.
2025-06-18 13:54:29,973 [1] INFO  Microsoft.Hosting.Lifetime - Now listening on: http://localhost:5000
2025-06-18 13:54:29,974 [1] INFO  Microsoft.Hosting.Lifetime - Application started. Press Ctrl+C to shut down.
2025-06-18 13:54:29,974 [1] INFO  Microsoft.Hosting.Lifetime - Hosting environment: Development
2025-06-18 13:54:29,974 [1] INFO  Microsoft.Hosting.Lifetime - Content root path: /Users/presidio/Desktop/AllApi/LeaveManagementSystem copy/LeaveManagementSystem
2025-06-18 13:54:30,040 [10] INFO  Microsoft.EntityFrameworkCore.Database.Command - Executed DbCommand (19ms) [Parameters=[], CommandType='Text', CommandTimeout='30']
SELECT l."Id", l."CreatedAt", l."DeletedAt", l."EndDate", l."IsDeleted", l."LeaveTypeId", l."Reason", l."ReviewedById", l."StartDate", l."Status", l."UpdatedAt", l."UserId", t."Id", t."CreatedAt", t."CreatedBy", t."DeletedAt", t."Email", t."Gender", t."IsActive", t."IsDeleted", t."LastLoginAt", t."PasswordHash", t."Role", t."Username", t0."Id", t0."CreatedAt", t0."CreatedBy", t0."DeletedAt", t0."Description", t0."IsDeleted", t0."Name", t0."StandardLeaveCount", t0."UpdatedAt", t0."UpdatedBy", t1."Id", t1."CreatedAt", t1."CreatedBy", t1."DeletedAt", t1."Email", t1."Gender", t1."IsActive", t1."IsDeleted", t1."LastLoginAt", t1."PasswordHash", t1."Role", t1."Username", t2."Id", t2."DeletedAt", t2."FileContent", t2."FileName", t2."IsDeleted", t2."LeaveRequestId", t2."UploadedAt"
FROM "LeaveRequests" AS l
INNER JOIN (
    SELECT u."Id", u."CreatedAt", u."CreatedBy", u."DeletedAt", u."Email", u."Gender", u."IsActive", u."IsDeleted", u."LastLoginAt", u."PasswordHash", u."Role", u."Username"
    FROM "Users" AS u
    WHERE NOT (u."IsDeleted")
) AS t ON l."UserId" = t."Id"
INNER JOIN (
    SELECT l0."Id", l0."CreatedAt", l0."CreatedBy", l0."DeletedAt", l0."Description", l0."IsDeleted", l0."Name", l0."StandardLeaveCount", l0."UpdatedAt", l0."UpdatedBy"
    FROM "LeaveTypes" AS l0
    WHERE NOT (l0."IsDeleted")
) AS t0 ON l."LeaveTypeId" = t0."Id"
LEFT JOIN (
    SELECT u0."Id", u0."CreatedAt", u0."CreatedBy", u0."DeletedAt", u0."Email", u0."Gender", u0."IsActive", u0."IsDeleted", u0."LastLoginAt", u0."PasswordHash", u0."Role", u0."Username"
    FROM "Users" AS u0
    WHERE NOT (u0."IsDeleted")
) AS t1 ON l."ReviewedById" = t1."Id"
LEFT JOIN (
    SELECT l1."Id", l1."DeletedAt", l1."FileContent", l1."FileName", l1."IsDeleted", l1."LeaveRequestId", l1."UploadedAt"
    FROM "LeaveAttachments" AS l1
    WHERE NOT (l1."IsDeleted")
) AS t2 ON l."Id" = t2."LeaveRequestId"
WHERE NOT (l."IsDeleted")
ORDER BY l."Id", t."Id", t0."Id", t1."Id"
2025-06-18 13:54:35,539 [7] INFO  LeaveManagementSystem.Middlewares.ExceptionHandlingMiddleware - [Incoming Request] Timestamp: 2025-06-18T08:24:35.5390470Z, Method: POST, Path: /api/v1/auth/login, User: Anonymous
2025-06-18 13:54:35,605 [9] INFO  Microsoft.EntityFrameworkCore.Database.Command - Executed DbCommand (2ms) [Parameters=[], CommandType='Text', CommandTimeout='30']
SELECT u."Id", u."CreatedAt", u."CreatedBy", u."DeletedAt", u."Email", u."Gender", u."IsActive", u."IsDeleted", u."LastLoginAt", u."PasswordHash", u."Role", u."Username"
FROM "Users" AS u
WHERE NOT (u."IsDeleted")
2025-06-18 13:54:35,838 [9] INFO  LeaveManagementSystem.Services.AuthenticationService - User chandler@example.com logged in successfully
2025-06-18 13:54:35,840 [9] INFO  LeaveManagementSystem.Controllers.AuthenticationController - User chandler@example.com logged in successfully.
2025-06-18 13:56:29,039 [14] INFO  LeaveManagementSystem.Middlewares.ExceptionHandlingMiddleware - [Incoming Request] Timestamp: 2025-06-18T08:26:29.0392920Z, Method: GET, Path: /api/v1/leave-requests, User: Chandler
2025-06-18 13:56:29,045 [14] INFO  LeaveManagementSystem.Controllers.LeaveRequestController - Fetching all leave requests.
2025-06-18 13:56:29,088 [14] INFO  Microsoft.EntityFrameworkCore.Database.Command - Executed DbCommand (4ms) [Parameters=[], CommandType='Text', CommandTimeout='30']
SELECT l."Id", l."CreatedAt", l."DeletedAt", l."EndDate", l."IsDeleted", l."LeaveTypeId", l."Reason", l."ReviewedById", l."StartDate", l."Status", l."UpdatedAt", l."UserId", t."Id", t."CreatedAt", t."CreatedBy", t."DeletedAt", t."Email", t."Gender", t."IsActive", t."IsDeleted", t."LastLoginAt", t."PasswordHash", t."Role", t."Username", t0."Id", t0."CreatedAt", t0."CreatedBy", t0."DeletedAt", t0."Description", t0."IsDeleted", t0."Name", t0."StandardLeaveCount", t0."UpdatedAt", t0."UpdatedBy", t1."Id", t1."CreatedAt", t1."CreatedBy", t1."DeletedAt", t1."Email", t1."Gender", t1."IsActive", t1."IsDeleted", t1."LastLoginAt", t1."PasswordHash", t1."Role", t1."Username", t2."Id", t2."DeletedAt", t2."FileContent", t2."FileName", t2."IsDeleted", t2."LeaveRequestId", t2."UploadedAt"
FROM "LeaveRequests" AS l
INNER JOIN (
    SELECT u."Id", u."CreatedAt", u."CreatedBy", u."DeletedAt", u."Email", u."Gender", u."IsActive", u."IsDeleted", u."LastLoginAt", u."PasswordHash", u."Role", u."Username"
    FROM "Users" AS u
    WHERE NOT (u."IsDeleted")
) AS t ON l."UserId" = t."Id"
INNER JOIN (
    SELECT l0."Id", l0."CreatedAt", l0."CreatedBy", l0."DeletedAt", l0."Description", l0."IsDeleted", l0."Name", l0."StandardLeaveCount", l0."UpdatedAt", l0."UpdatedBy"
    FROM "LeaveTypes" AS l0
    WHERE NOT (l0."IsDeleted")
) AS t0 ON l."LeaveTypeId" = t0."Id"
LEFT JOIN (
    SELECT u0."Id", u0."CreatedAt", u0."CreatedBy", u0."DeletedAt", u0."Email", u0."Gender", u0."IsActive", u0."IsDeleted", u0."LastLoginAt", u0."PasswordHash", u0."Role", u0."Username"
    FROM "Users" AS u0
    WHERE NOT (u0."IsDeleted")
) AS t1 ON l."ReviewedById" = t1."Id"
LEFT JOIN (
    SELECT l1."Id", l1."DeletedAt", l1."FileContent", l1."FileName", l1."IsDeleted", l1."LeaveRequestId", l1."UploadedAt"
    FROM "LeaveAttachments" AS l1
    WHERE NOT (l1."IsDeleted")
) AS t2 ON l."Id" = t2."LeaveRequestId"
WHERE NOT (l."IsDeleted")
ORDER BY l."Id", t."Id", t0."Id", t1."Id"
2025-06-18 13:57:56,789 [16] INFO  LeaveManagementSystem.Middlewares.ExceptionHandlingMiddleware - [Incoming Request] Timestamp: 2025-06-18T08:27:56.7889410Z, Method: POST, Path: /api/v1/leave-balance/deduct, User: Chandler
2025-06-18 13:57:56,799 [16] INFO  LeaveManagementSystem.Controllers.LeaveBalanceController - Deducting 1 days from leave balance for user ID: 5bfcb31a-61ef-44d9-bf86-a6bc60a381b3 and leave type ID: 3f910643-21e5-4d49-a28c-3733afb1d1fa
2025-06-18 13:57:56,831 [16] INFO  Microsoft.EntityFrameworkCore.Database.Command - Executed DbCommand (10ms) [Parameters=[], CommandType='Text', CommandTimeout='30']
SELECT l."Id", l."LeaveTypeId", l."TotalLeaves", l."UsedLeaves", l."UserId", t."Id", t."CreatedAt", t."CreatedBy", t."DeletedAt", t."Email", t."Gender", t."IsActive", t."IsDeleted", t."LastLoginAt", t."PasswordHash", t."Role", t."Username", t0."Id", t0."CreatedAt", t0."CreatedBy", t0."DeletedAt", t0."Description", t0."IsDeleted", t0."Name", t0."StandardLeaveCount", t0."UpdatedAt", t0."UpdatedBy"
FROM "LeaveBalances" AS l
INNER JOIN (
    SELECT u."Id", u."CreatedAt", u."CreatedBy", u."DeletedAt", u."Email", u."Gender", u."IsActive", u."IsDeleted", u."LastLoginAt", u."PasswordHash", u."Role", u."Username"
    FROM "Users" AS u
    WHERE NOT (u."IsDeleted")
) AS t ON l."UserId" = t."Id"
INNER JOIN (
    SELECT l0."Id", l0."CreatedAt", l0."CreatedBy", l0."DeletedAt", l0."Description", l0."IsDeleted", l0."Name", l0."StandardLeaveCount", l0."UpdatedAt", l0."UpdatedBy"
    FROM "LeaveTypes" AS l0
    WHERE NOT (l0."IsDeleted")
) AS t0 ON l."LeaveTypeId" = t0."Id"
2025-06-18 13:57:56,865 [16] INFO  Microsoft.EntityFrameworkCore.Database.Command - Executed DbCommand (6ms) [Parameters=[@__key_0='?' (DbType = Guid)], CommandType='Text', CommandTimeout='30']
SELECT l."Id", l."LeaveTypeId", l."TotalLeaves", l."UsedLeaves", l."UserId", t."Id", t."CreatedAt", t."CreatedBy", t."DeletedAt", t."Email", t."Gender", t."IsActive", t."IsDeleted", t."LastLoginAt", t."PasswordHash", t."Role", t."Username", t0."Id", t0."CreatedAt", t0."CreatedBy", t0."DeletedAt", t0."Description", t0."IsDeleted", t0."Name", t0."StandardLeaveCount", t0."UpdatedAt", t0."UpdatedBy"
FROM "LeaveBalances" AS l
INNER JOIN (
    SELECT u."Id", u."CreatedAt", u."CreatedBy", u."DeletedAt", u."Email", u."Gender", u."IsActive", u."IsDeleted", u."LastLoginAt", u."PasswordHash", u."Role", u."Username"
    FROM "Users" AS u
    WHERE NOT (u."IsDeleted")
) AS t ON l."UserId" = t."Id"
INNER JOIN (
    SELECT l0."Id", l0."CreatedAt", l0."CreatedBy", l0."DeletedAt", l0."Description", l0."IsDeleted", l0."Name", l0."StandardLeaveCount", l0."UpdatedAt", l0."UpdatedBy"
    FROM "LeaveTypes" AS l0
    WHERE NOT (l0."IsDeleted")
) AS t0 ON l."LeaveTypeId" = t0."Id"
WHERE l."Id" = @__key_0
LIMIT 1
2025-06-18 13:57:56,921 [19] INFO  Microsoft.EntityFrameworkCore.Database.Command - Executed DbCommand (18ms) [Parameters=[@p1='?' (DbType = Guid), @p0='?' (DbType = Int32)], CommandType='Text', CommandTimeout='30']
UPDATE "LeaveBalances" SET "UsedLeaves" = @p0
WHERE "Id" = @p1;
2025-06-18 13:58:22,429 [16] INFO  LeaveManagementSystem.Middlewares.ExceptionHandlingMiddleware - [Incoming Request] Timestamp: 2025-06-18T08:28:22.4299120Z, Method: GET, Path: /api/v1/auth/me, User: Chandler
2025-06-18 13:58:22,441 [16] INFO  Microsoft.EntityFrameworkCore.Database.Command - Executed DbCommand (1ms) [Parameters=[], CommandType='Text', CommandTimeout='30']
SELECT u."Id", u."CreatedAt", u."CreatedBy", u."DeletedAt", u."Email", u."Gender", u."IsActive", u."IsDeleted", u."LastLoginAt", u."PasswordHash", u."Role", u."Username"
FROM "Users" AS u
WHERE NOT (u."IsDeleted")
2025-06-18 13:58:22,442 [16] INFO  LeaveManagementSystem.Controllers.AuthenticationController - Current user info retrieved successfully.
2025-06-18 13:58:30,857 [14] INFO  LeaveManagementSystem.Middlewares.ExceptionHandlingMiddleware - [Incoming Request] Timestamp: 2025-06-18T08:28:30.8579770Z, Method: POST, Path: /api/v1/auth/login, User: Anonymous
2025-06-18 13:58:30,863 [3] INFO  Microsoft.EntityFrameworkCore.Database.Command - Executed DbCommand (1ms) [Parameters=[], CommandType='Text', CommandTimeout='30']
SELECT u."Id", u."CreatedAt", u."CreatedBy", u."DeletedAt", u."Email", u."Gender", u."IsActive", u."IsDeleted", u."LastLoginAt", u."PasswordHash", u."Role", u."Username"
FROM "Users" AS u
WHERE NOT (u."IsDeleted")
2025-06-18 13:58:31,013 [3] INFO  LeaveManagementSystem.Services.AuthenticationService - User joeytrib@example.com logged in successfully
2025-06-18 13:58:31,013 [3] INFO  LeaveManagementSystem.Controllers.AuthenticationController - User joeytrib@example.com logged in successfully.
2025-06-18 13:58:43,618 [14] INFO  LeaveManagementSystem.Middlewares.ExceptionHandlingMiddleware - [Incoming Request] Timestamp: 2025-06-18T08:28:43.6183590Z, Method: GET, Path: /api/v1/auth/me, User: Joey
2025-06-18 13:58:43,628 [14] INFO  Microsoft.EntityFrameworkCore.Database.Command - Executed DbCommand (2ms) [Parameters=[], CommandType='Text', CommandTimeout='30']
SELECT u."Id", u."CreatedAt", u."CreatedBy", u."DeletedAt", u."Email", u."Gender", u."IsActive", u."IsDeleted", u."LastLoginAt", u."PasswordHash", u."Role", u."Username"
FROM "Users" AS u
WHERE NOT (u."IsDeleted")
2025-06-18 13:58:43,629 [14] INFO  LeaveManagementSystem.Controllers.AuthenticationController - Current user info retrieved successfully.
2025-06-18 14:00:33,731 [22] INFO  LeaveManagementSystem.Middlewares.ExceptionHandlingMiddleware - [Incoming Request] Timestamp: 2025-06-18T08:30:33.7314560Z, Method: GET, Path: /api/v1/leave-requests/b26b65b2-35f2-4483-8c17-90d4be243245, User: Chandler
2025-06-18 14:00:33,743 [22] INFO  LeaveManagementSystem.Controllers.LeaveRequestController - Fetching leave request with ID: b26b65b2-35f2-4483-8c17-90d4be243245
2025-06-18 14:00:33,805 [16] INFO  Microsoft.EntityFrameworkCore.Database.Command - Executed DbCommand (12ms) [Parameters=[@__key_0='?' (DbType = Guid)], CommandType='Text', CommandTimeout='30']
SELECT t2."Id", t2."CreatedAt", t2."DeletedAt", t2."EndDate", t2."IsDeleted", t2."LeaveTypeId", t2."Reason", t2."ReviewedById", t2."StartDate", t2."Status", t2."UpdatedAt", t2."UserId", t2."Id0", t2."CreatedAt0", t2."CreatedBy", t2."DeletedAt0", t2."Email", t2."Gender", t2."IsActive", t2."IsDeleted0", t2."LastLoginAt", t2."PasswordHash", t2."Role", t2."Username", t2."Id1", t2."CreatedAt1", t2."CreatedBy0", t2."DeletedAt1", t2."Description", t2."IsDeleted1", t2."Name", t2."StandardLeaveCount", t2."UpdatedAt0", t2."UpdatedBy", t2."Id2", t2."CreatedAt2", t2."CreatedBy1", t2."DeletedAt2", t2."Email0", t2."Gender0", t2."IsActive0", t2."IsDeleted2", t2."LastLoginAt0", t2."PasswordHash0", t2."Role0", t2."Username0", t3."Id", t3."DeletedAt", t3."FileContent", t3."FileName", t3."IsDeleted", t3."LeaveRequestId", t3."UploadedAt"
FROM (
    SELECT l."Id", l."CreatedAt", l."DeletedAt", l."EndDate", l."IsDeleted", l."LeaveTypeId", l."Reason", l."ReviewedById", l."StartDate", l."Status", l."UpdatedAt", l."UserId", t."Id" AS "Id0", t."CreatedAt" AS "CreatedAt0", t."CreatedBy", t."DeletedAt" AS "DeletedAt0", t."Email", t."Gender", t."IsActive", t."IsDeleted" AS "IsDeleted0", t."LastLoginAt", t."PasswordHash", t."Role", t."Username", t0."Id" AS "Id1", t0."CreatedAt" AS "CreatedAt1", t0."CreatedBy" AS "CreatedBy0", t0."DeletedAt" AS "DeletedAt1", t0."Description", t0."IsDeleted" AS "IsDeleted1", t0."Name", t0."StandardLeaveCount", t0."UpdatedAt" AS "UpdatedAt0", t0."UpdatedBy", t1."Id" AS "Id2", t1."CreatedAt" AS "CreatedAt2", t1."CreatedBy" AS "CreatedBy1", t1."DeletedAt" AS "DeletedAt2", t1."Email" AS "Email0", t1."Gender" AS "Gender0", t1."IsActive" AS "IsActive0", t1."IsDeleted" AS "IsDeleted2", t1."LastLoginAt" AS "LastLoginAt0", t1."PasswordHash" AS "PasswordHash0", t1."Role" AS "Role0", t1."Username" AS "Username0"
    FROM "LeaveRequests" AS l
    INNER JOIN (
        SELECT u."Id", u."CreatedAt", u."CreatedBy", u."DeletedAt", u."Email", u."Gender", u."IsActive", u."IsDeleted", u."LastLoginAt", u."PasswordHash", u."Role", u."Username"
        FROM "Users" AS u
        WHERE NOT (u."IsDeleted")
    ) AS t ON l."UserId" = t."Id"
    INNER JOIN (
        SELECT l0."Id", l0."CreatedAt", l0."CreatedBy", l0."DeletedAt", l0."Description", l0."IsDeleted", l0."Name", l0."StandardLeaveCount", l0."UpdatedAt", l0."UpdatedBy"
        FROM "LeaveTypes" AS l0
        WHERE NOT (l0."IsDeleted")
    ) AS t0 ON l."LeaveTypeId" = t0."Id"
    LEFT JOIN (
        SELECT u0."Id", u0."CreatedAt", u0."CreatedBy", u0."DeletedAt", u0."Email", u0."Gender", u0."IsActive", u0."IsDeleted", u0."LastLoginAt", u0."PasswordHash", u0."Role", u0."Username"
        FROM "Users" AS u0
        WHERE NOT (u0."IsDeleted")
    ) AS t1 ON l."ReviewedById" = t1."Id"
    WHERE NOT (l."IsDeleted") AND l."Id" = @__key_0
    LIMIT 1
) AS t2
LEFT JOIN (
    SELECT l1."Id", l1."DeletedAt", l1."FileContent", l1."FileName", l1."IsDeleted", l1."LeaveRequestId", l1."UploadedAt"
    FROM "LeaveAttachments" AS l1
    WHERE NOT (l1."IsDeleted")
) AS t3 ON t2."Id" = t3."LeaveRequestId"
ORDER BY t2."Id", t2."Id0", t2."Id1", t2."Id2"
2025-06-18 14:00:42,298 [16] INFO  LeaveManagementSystem.Middlewares.ExceptionHandlingMiddleware - [Incoming Request] Timestamp: 2025-06-18T08:30:42.2980110Z, Method: POST, Path: /api/v1/leave-requests, User: Joey
2025-06-18 14:00:42,312 [16] INFO  LeaveManagementSystem.Controllers.LeaveRequestController - Creating new leave request.
2025-06-18 14:00:42,333 [16] INFO  Microsoft.EntityFrameworkCore.Database.Command - Executed DbCommand (4ms) [Parameters=[@__key_0='?' (DbType = Guid)], CommandType='Text', CommandTimeout='30']
SELECT t."Id", t."CreatedAt", t."CreatedBy", t."DeletedAt", t."Email", t."Gender", t."IsActive", t."IsDeleted", t."LastLoginAt", t."PasswordHash", t."Role", t."Username", t0."Id", t0."LeaveTypeId", t0."TotalLeaves", t0."UsedLeaves", t0."UserId", t0."Id0", t0."CreatedAt", t0."CreatedBy", t0."DeletedAt", t0."Description", t0."IsDeleted", t0."Name", t0."StandardLeaveCount", t0."UpdatedAt", t0."UpdatedBy"
FROM (
    SELECT u."Id", u."CreatedAt", u."CreatedBy", u."DeletedAt", u."Email", u."Gender", u."IsActive", u."IsDeleted", u."LastLoginAt", u."PasswordHash", u."Role", u."Username"
    FROM "Users" AS u
    WHERE NOT (u."IsDeleted") AND u."Id" = @__key_0
    LIMIT 1
) AS t
LEFT JOIN (
    SELECT l."Id", l."LeaveTypeId", l."TotalLeaves", l."UsedLeaves", l."UserId", t1."Id" AS "Id0", t1."CreatedAt", t1."CreatedBy", t1."DeletedAt", t1."Description", t1."IsDeleted", t1."Name", t1."StandardLeaveCount", t1."UpdatedAt", t1."UpdatedBy"
    FROM "LeaveBalances" AS l
    INNER JOIN (
        SELECT l0."Id", l0."CreatedAt", l0."CreatedBy", l0."DeletedAt", l0."Description", l0."IsDeleted", l0."Name", l0."StandardLeaveCount", l0."UpdatedAt", l0."UpdatedBy"
        FROM "LeaveTypes" AS l0
        WHERE NOT (l0."IsDeleted")
    ) AS t1 ON l."LeaveTypeId" = t1."Id"
) AS t0 ON t."Id" = t0."UserId"
ORDER BY t."Id", t0."Id"
2025-06-18 14:00:42,339 [16] INFO  Microsoft.EntityFrameworkCore.Database.Command - Executed DbCommand (1ms) [Parameters=[@__key_0='?' (DbType = Guid)], CommandType='Text', CommandTimeout='30']
SELECT l."Id", l."CreatedAt", l."CreatedBy", l."DeletedAt", l."Description", l."IsDeleted", l."Name", l."StandardLeaveCount", l."UpdatedAt", l."UpdatedBy"
FROM "LeaveTypes" AS l
WHERE NOT (l."IsDeleted") AND l."Id" = @__key_0
LIMIT 1
2025-06-18 14:00:42,355 [16] ERROR LeaveManagementSystem.Controllers.LeaveRequestController - Error creating leave request.
System.Exception: Failed to create leave request Only female employees can apply for Maternity Leave.
 ---> System.InvalidOperationException: Only female employees can apply for Maternity Leave.
   at LeaveManagementSystem.Services.LeaveRequestService.ValidateGenderBasedLeaveAsync(Guid userId, Guid leaveTypeId) in /Users/presidio/Desktop/AllApi/LeaveManagementSystem copy/LeaveManagementSystem/Services/LeaveRequestService.cs:line 371
   at LeaveManagementSystem.Services.LeaveRequestService.CreateAsync(LeaveRequestDto dto) in /Users/presidio/Desktop/AllApi/LeaveManagementSystem copy/LeaveManagementSystem/Services/LeaveRequestService.cs:line 168
   --- End of inner exception stack trace ---
   at LeaveManagementSystem.Services.LeaveRequestService.CreateAsync(LeaveRequestDto dto) in /Users/presidio/Desktop/AllApi/LeaveManagementSystem copy/LeaveManagementSystem/Services/LeaveRequestService.cs:line 195
   at LeaveManagementSystem.Controllers.LeaveRequestController.Create(LeaveRequestDto dto) in /Users/presidio/Desktop/AllApi/LeaveManagementSystem copy/LeaveManagementSystem/Controllers/LeaveRequestController.cs:line 79
2025-06-18 14:02:17,722 [22] INFO  LeaveManagementSystem.Middlewares.ExceptionHandlingMiddleware - [Incoming Request] Timestamp: 2025-06-18T08:32:17.7223260Z, Method: GET, Path: /api/v1/leave-attachments/by-leave-request/f137b974-0d82-42f4-abae-6660f7d0393c, User: Chandler
2025-06-18 14:02:17,733 [22] INFO  LeaveManagementSystem.Controllers.LeaveAttachmentController - Fetching attachments for LeaveRequestId: f137b974-0d82-42f4-abae-6660f7d0393c
2025-06-18 14:02:17,750 [23] INFO  Microsoft.EntityFrameworkCore.Database.Command - Executed DbCommand (12ms) [Parameters=[@__key_0='?' (DbType = Guid)], CommandType='Text', CommandTimeout='30']
SELECT t2."Id", t2."CreatedAt", t2."DeletedAt", t2."EndDate", t2."IsDeleted", t2."LeaveTypeId", t2."Reason", t2."ReviewedById", t2."StartDate", t2."Status", t2."UpdatedAt", t2."UserId", t2."Id0", t2."CreatedAt0", t2."CreatedBy", t2."DeletedAt0", t2."Email", t2."Gender", t2."IsActive", t2."IsDeleted0", t2."LastLoginAt", t2."PasswordHash", t2."Role", t2."Username", t2."Id1", t2."CreatedAt1", t2."CreatedBy0", t2."DeletedAt1", t2."Description", t2."IsDeleted1", t2."Name", t2."StandardLeaveCount", t2."UpdatedAt0", t2."UpdatedBy", t2."Id2", t2."CreatedAt2", t2."CreatedBy1", t2."DeletedAt2", t2."Email0", t2."Gender0", t2."IsActive0", t2."IsDeleted2", t2."LastLoginAt0", t2."PasswordHash0", t2."Role0", t2."Username0", t3."Id", t3."DeletedAt", t3."FileContent", t3."FileName", t3."IsDeleted", t3."LeaveRequestId", t3."UploadedAt"
FROM (
    SELECT l."Id", l."CreatedAt", l."DeletedAt", l."EndDate", l."IsDeleted", l."LeaveTypeId", l."Reason", l."ReviewedById", l."StartDate", l."Status", l."UpdatedAt", l."UserId", t."Id" AS "Id0", t."CreatedAt" AS "CreatedAt0", t."CreatedBy", t."DeletedAt" AS "DeletedAt0", t."Email", t."Gender", t."IsActive", t."IsDeleted" AS "IsDeleted0", t."LastLoginAt", t."PasswordHash", t."Role", t."Username", t0."Id" AS "Id1", t0."CreatedAt" AS "CreatedAt1", t0."CreatedBy" AS "CreatedBy0", t0."DeletedAt" AS "DeletedAt1", t0."Description", t0."IsDeleted" AS "IsDeleted1", t0."Name", t0."StandardLeaveCount", t0."UpdatedAt" AS "UpdatedAt0", t0."UpdatedBy", t1."Id" AS "Id2", t1."CreatedAt" AS "CreatedAt2", t1."CreatedBy" AS "CreatedBy1", t1."DeletedAt" AS "DeletedAt2", t1."Email" AS "Email0", t1."Gender" AS "Gender0", t1."IsActive" AS "IsActive0", t1."IsDeleted" AS "IsDeleted2", t1."LastLoginAt" AS "LastLoginAt0", t1."PasswordHash" AS "PasswordHash0", t1."Role" AS "Role0", t1."Username" AS "Username0"
    FROM "LeaveRequests" AS l
    INNER JOIN (
        SELECT u."Id", u."CreatedAt", u."CreatedBy", u."DeletedAt", u."Email", u."Gender", u."IsActive", u."IsDeleted", u."LastLoginAt", u."PasswordHash", u."Role", u."Username"
        FROM "Users" AS u
        WHERE NOT (u."IsDeleted")
    ) AS t ON l."UserId" = t."Id"
    INNER JOIN (
        SELECT l0."Id", l0."CreatedAt", l0."CreatedBy", l0."DeletedAt", l0."Description", l0."IsDeleted", l0."Name", l0."StandardLeaveCount", l0."UpdatedAt", l0."UpdatedBy"
        FROM "LeaveTypes" AS l0
        WHERE NOT (l0."IsDeleted")
    ) AS t0 ON l."LeaveTypeId" = t0."Id"
    LEFT JOIN (
        SELECT u0."Id", u0."CreatedAt", u0."CreatedBy", u0."DeletedAt", u0."Email", u0."Gender", u0."IsActive", u0."IsDeleted", u0."LastLoginAt", u0."PasswordHash", u0."Role", u0."Username"
        FROM "Users" AS u0
        WHERE NOT (u0."IsDeleted")
    ) AS t1 ON l."ReviewedById" = t1."Id"
    WHERE NOT (l."IsDeleted") AND l."Id" = @__key_0
    LIMIT 1
) AS t2
LEFT JOIN (
    SELECT l1."Id", l1."DeletedAt", l1."FileContent", l1."FileName", l1."IsDeleted", l1."LeaveRequestId", l1."UploadedAt"
    FROM "LeaveAttachments" AS l1
    WHERE NOT (l1."IsDeleted")
) AS t3 ON t2."Id" = t3."LeaveRequestId"
ORDER BY t2."Id", t2."Id0", t2."Id1", t2."Id2"
2025-06-18 14:02:17,766 [22] INFO  Microsoft.EntityFrameworkCore.Database.Command - Executed DbCommand (1ms) [Parameters=[], CommandType='Text', CommandTimeout='30']
SELECT l."Id", l."DeletedAt", l."FileContent", l."FileName", l."IsDeleted", l."LeaveRequestId", l."UploadedAt", t."Id", t."CreatedAt", t."DeletedAt", t."EndDate", t."IsDeleted", t."LeaveTypeId", t."Reason", t."ReviewedById", t."StartDate", t."Status", t."UpdatedAt", t."UserId"
FROM "LeaveAttachments" AS l
INNER JOIN (
    SELECT l0."Id", l0."CreatedAt", l0."DeletedAt", l0."EndDate", l0."IsDeleted", l0."LeaveTypeId", l0."Reason", l0."ReviewedById", l0."StartDate", l0."Status", l0."UpdatedAt", l0."UserId"
    FROM "LeaveRequests" AS l0
    WHERE NOT (l0."IsDeleted")
) AS t ON l."LeaveRequestId" = t."Id"
WHERE NOT (l."IsDeleted")
2025-06-18 14:04:01,033 [25] INFO  LeaveManagementSystem.Middlewares.ExceptionHandlingMiddleware - [Incoming Request] Timestamp: 2025-06-18T08:34:01.0333450Z, Method: GET, Path: /api/v1/auth/me, User: Chandler
2025-06-18 14:04:01,046 [25] INFO  Microsoft.EntityFrameworkCore.Database.Command - Executed DbCommand (6ms) [Parameters=[], CommandType='Text', CommandTimeout='30']
SELECT u."Id", u."CreatedAt", u."CreatedBy", u."DeletedAt", u."Email", u."Gender", u."IsActive", u."IsDeleted", u."LastLoginAt", u."PasswordHash", u."Role", u."Username"
FROM "Users" AS u
WHERE NOT (u."IsDeleted")
2025-06-18 14:04:01,048 [25] INFO  LeaveManagementSystem.Controllers.AuthenticationController - Current user info retrieved successfully.
2025-06-18 14:04:17,153 [25] INFO  LeaveManagementSystem.Middlewares.ExceptionHandlingMiddleware - [Incoming Request] Timestamp: 2025-06-18T08:34:17.1539870Z, Method: POST, Path: /api/v1/auth/login, User: Chandler
2025-06-18 14:04:17,158 [25] INFO  Microsoft.EntityFrameworkCore.Database.Command - Executed DbCommand (2ms) [Parameters=[], CommandType='Text', CommandTimeout='30']
SELECT u."Id", u."CreatedAt", u."CreatedBy", u."DeletedAt", u."Email", u."Gender", u."IsActive", u."IsDeleted", u."LastLoginAt", u."PasswordHash", u."Role", u."Username"
FROM "Users" AS u
WHERE NOT (u."IsDeleted")
2025-06-18 14:04:17,333 [25] INFO  LeaveManagementSystem.Services.AuthenticationService - User aryastark@example.com logged in successfully
2025-06-18 14:04:17,333 [25] INFO  LeaveManagementSystem.Controllers.AuthenticationController - User aryastark@example.com logged in successfully.
2025-06-18 14:05:43,760 [28] INFO  LeaveManagementSystem.Middlewares.ExceptionHandlingMiddleware - [Incoming Request] Timestamp: 2025-06-18T08:35:43.7597890Z, Method: POST, Path: /api/v1/auth/login, User: Chandler
2025-06-18 14:05:43,826 [28] INFO  Microsoft.EntityFrameworkCore.Database.Command - Executed DbCommand (7ms) [Parameters=[], CommandType='Text', CommandTimeout='30']
SELECT u."Id", u."CreatedAt", u."CreatedBy", u."DeletedAt", u."Email", u."Gender", u."IsActive", u."IsDeleted", u."LastLoginAt", u."PasswordHash", u."Role", u."Username"
FROM "Users" AS u
WHERE NOT (u."IsDeleted")
2025-06-18 14:05:43,975 [28] INFO  LeaveManagementSystem.Services.AuthenticationService - User tony@example.com logged in successfully
2025-06-18 14:05:43,975 [28] INFO  LeaveManagementSystem.Controllers.AuthenticationController - User tony@example.com logged in successfully.
2025-06-18 14:18:39,726 [37] INFO  LeaveManagementSystem.Middlewares.ExceptionHandlingMiddleware - [Incoming Request] Timestamp: 2025-06-18T08:48:39.7261090Z, Method: GET, Path: /api/v1/leave-balance/user/%7B7f1ffd9c-9e10-4b8c-82df-696060387368%7D/leaveType/%7Ba522c818-ef32-4c98-a60c-003d3bb4133c%7D, User: Chandler
2025-06-18 14:18:39,739 [37] INFO  LeaveManagementSystem.Controllers.LeaveBalanceController - Fetching leave balance for user ID: 7f1ffd9c-9e10-4b8c-82df-696060387368 and leave type ID: a522c818-ef32-4c98-a60c-003d3bb4133c
2025-06-18 14:18:39,815 [37] INFO  Microsoft.EntityFrameworkCore.Database.Command - Executed DbCommand (19ms) [Parameters=[@__key_0='?' (DbType = Guid)], CommandType='Text', CommandTimeout='30']
SELECT t."Id", t."CreatedAt", t."CreatedBy", t."DeletedAt", t."Email", t."Gender", t."IsActive", t."IsDeleted", t."LastLoginAt", t."PasswordHash", t."Role", t."Username", t0."Id", t0."LeaveTypeId", t0."TotalLeaves", t0."UsedLeaves", t0."UserId", t0."Id0", t0."CreatedAt", t0."CreatedBy", t0."DeletedAt", t0."Description", t0."IsDeleted", t0."Name", t0."StandardLeaveCount", t0."UpdatedAt", t0."UpdatedBy"
FROM (
    SELECT u."Id", u."CreatedAt", u."CreatedBy", u."DeletedAt", u."Email", u."Gender", u."IsActive", u."IsDeleted", u."LastLoginAt", u."PasswordHash", u."Role", u."Username"
    FROM "Users" AS u
    WHERE NOT (u."IsDeleted") AND u."Id" = @__key_0
    LIMIT 1
) AS t
LEFT JOIN (
    SELECT l."Id", l."LeaveTypeId", l."TotalLeaves", l."UsedLeaves", l."UserId", t1."Id" AS "Id0", t1."CreatedAt", t1."CreatedBy", t1."DeletedAt", t1."Description", t1."IsDeleted", t1."Name", t1."StandardLeaveCount", t1."UpdatedAt", t1."UpdatedBy"
    FROM "LeaveBalances" AS l
    INNER JOIN (
        SELECT l0."Id", l0."CreatedAt", l0."CreatedBy", l0."DeletedAt", l0."Description", l0."IsDeleted", l0."Name", l0."StandardLeaveCount", l0."UpdatedAt", l0."UpdatedBy"
        FROM "LeaveTypes" AS l0
        WHERE NOT (l0."IsDeleted")
    ) AS t1 ON l."LeaveTypeId" = t1."Id"
) AS t0 ON t."Id" = t0."UserId"
ORDER BY t."Id", t0."Id"
