2025-06-16 14:06:02,168 [1] WARN  Microsoft.EntityFrameworkCore.Model.Validation - Entity 'LeaveType' has a global query filter defined and is the required end of a relationship with the entity 'LeaveBalance'. This may lead to unexpected results when the required entity is filtered out. Either configure the navigation as optional, or define matching query filters for both entities in the navigation. See https://go.microsoft.com/fwlink/?linkid=2131316 for more information.
2025-06-16 14:06:02,422 [1] INFO  Microsoft.Hosting.Lifetime - Now listening on: http://localhost:5000
2025-06-16 14:06:02,423 [1] INFO  Microsoft.Hosting.Lifetime - Application started. Press Ctrl+C to shut down.
2025-06-16 14:06:02,423 [1] INFO  Microsoft.Hosting.Lifetime - Hosting environment: Development
2025-06-16 14:06:02,423 [1] INFO  Microsoft.Hosting.Lifetime - Content root path: /Users/presidio/Desktop/AllApi/LeaveManagementSystem copy/LeaveManagementSystem
2025-06-16 14:06:02,536 [9] INFO  Microsoft.EntityFrameworkCore.Database.Command - Executed DbCommand (25ms) [Parameters=[], CommandType='Text', CommandTimeout='30']
SELECT l."Id", l."CreatedAt", l."DeletedAt", l."EndDate", l."IsDeleted", l."LeaveTypeId", l."Reason", l."ReviewedById", l."StartDate", l."Status", l."UpdatedAt", l."UserId", t."Id", t."CreatedAt", t."CreatedBy", t."DeletedAt", t."Email", t."Gender", t."IsActive", t."IsDeleted", t."LastLoginAt", t."PasswordHash", t."Role", t."Username", t0."Id", t0."CreatedAt", t0."CreatedBy", t0."DeletedAt", t0."Description", t0."IsDeleted", t0."Name", t0."StandardLeaveCount", t0."UpdatedAt", t0."UpdatedBy", t1."Id", t1."CreatedAt", t1."CreatedBy", t1."DeletedAt", t1."Email", t1."Gender", t1."IsActive", t1."IsDeleted", t1."LastLoginAt", t1."PasswordHash", t1."Role", t1."Username", t2."Id", t2."DeletedAt", t2."FileContent", t2."FileName", t2."IsDeleted", t2."LeaveRequestId", t2."UploadedAt"
FROM "LeaveRequests" AS l
INNER JOIN (
    SELECT u."Id", u."CreatedAt", u."CreatedBy", u."DeletedAt", u."Email", u."Gender", u."IsActive", u."IsDeleted", u."LastLoginAt", u."PasswordHash", u."Role", u."Username"
    FROM "Users" AS u
    WHERE NOT (u."IsDeleted")
) AS t ON l."UserId" = t."Id"
INNER JOIN (
    SELECT l0."Id", l0."CreatedAt", l0."CreatedBy", l0."DeletedAt", l0."Description", l0."IsDeleted", l0."Name", l0."StandardLeaveCount", l0."UpdatedAt", l0."UpdatedBy"
    FROM "LeaveTypes" AS l0
    WHERE NOT (l0."IsDeleted")
) AS t0 ON l."LeaveTypeId" = t0."Id"
LEFT JOIN (
    SELECT u0."Id", u0."CreatedAt", u0."CreatedBy", u0."DeletedAt", u0."Email", u0."Gender", u0."IsActive", u0."IsDeleted", u0."LastLoginAt", u0."PasswordHash", u0."Role", u0."Username"
    FROM "Users" AS u0
    WHERE NOT (u0."IsDeleted")
) AS t1 ON l."ReviewedById" = t1."Id"
LEFT JOIN (
    SELECT l1."Id", l1."DeletedAt", l1."FileContent", l1."FileName", l1."IsDeleted", l1."LeaveRequestId", l1."UploadedAt"
    FROM "LeaveAttachments" AS l1
    WHERE NOT (l1."IsDeleted")
) AS t2 ON l."Id" = t2."LeaveRequestId"
WHERE NOT (l."IsDeleted")
ORDER BY l."Id", t."Id", t0."Id", t1."Id"
2025-06-16 14:06:02,637 [10] INFO  Microsoft.EntityFrameworkCore.Database.Command - Executed DbCommand (6ms) [Parameters=[@__key_0='?' (DbType = Guid)], CommandType='Text', CommandTimeout='30']
SELECT t2."Id", t2."CreatedAt", t2."DeletedAt", t2."EndDate", t2."IsDeleted", t2."LeaveTypeId", t2."Reason", t2."ReviewedById", t2."StartDate", t2."Status", t2."UpdatedAt", t2."UserId", t2."Id0", t2."CreatedAt0", t2."CreatedBy", t2."DeletedAt0", t2."Email", t2."Gender", t2."IsActive", t2."IsDeleted0", t2."LastLoginAt", t2."PasswordHash", t2."Role", t2."Username", t2."Id1", t2."CreatedAt1", t2."CreatedBy0", t2."DeletedAt1", t2."Description", t2."IsDeleted1", t2."Name", t2."StandardLeaveCount", t2."UpdatedAt0", t2."UpdatedBy", t2."Id2", t2."CreatedAt2", t2."CreatedBy1", t2."DeletedAt2", t2."Email0", t2."Gender0", t2."IsActive0", t2."IsDeleted2", t2."LastLoginAt0", t2."PasswordHash0", t2."Role0", t2."Username0", t3."Id", t3."DeletedAt", t3."FileContent", t3."FileName", t3."IsDeleted", t3."LeaveRequestId", t3."UploadedAt"
FROM (
    SELECT l."Id", l."CreatedAt", l."DeletedAt", l."EndDate", l."IsDeleted", l."LeaveTypeId", l."Reason", l."ReviewedById", l."StartDate", l."Status", l."UpdatedAt", l."UserId", t."Id" AS "Id0", t."CreatedAt" AS "CreatedAt0", t."CreatedBy", t."DeletedAt" AS "DeletedAt0", t."Email", t."Gender", t."IsActive", t."IsDeleted" AS "IsDeleted0", t."LastLoginAt", t."PasswordHash", t."Role", t."Username", t0."Id" AS "Id1", t0."CreatedAt" AS "CreatedAt1", t0."CreatedBy" AS "CreatedBy0", t0."DeletedAt" AS "DeletedAt1", t0."Description", t0."IsDeleted" AS "IsDeleted1", t0."Name", t0."StandardLeaveCount", t0."UpdatedAt" AS "UpdatedAt0", t0."UpdatedBy", t1."Id" AS "Id2", t1."CreatedAt" AS "CreatedAt2", t1."CreatedBy" AS "CreatedBy1", t1."DeletedAt" AS "DeletedAt2", t1."Email" AS "Email0", t1."Gender" AS "Gender0", t1."IsActive" AS "IsActive0", t1."IsDeleted" AS "IsDeleted2", t1."LastLoginAt" AS "LastLoginAt0", t1."PasswordHash" AS "PasswordHash0", t1."Role" AS "Role0", t1."Username" AS "Username0"
    FROM "LeaveRequests" AS l
    INNER JOIN (
        SELECT u."Id", u."CreatedAt", u."CreatedBy", u."DeletedAt", u."Email", u."Gender", u."IsActive", u."IsDeleted", u."LastLoginAt", u."PasswordHash", u."Role", u."Username"
        FROM "Users" AS u
        WHERE NOT (u."IsDeleted")
    ) AS t ON l."UserId" = t."Id"
    INNER JOIN (
        SELECT l0."Id", l0."CreatedAt", l0."CreatedBy", l0."DeletedAt", l0."Description", l0."IsDeleted", l0."Name", l0."StandardLeaveCount", l0."UpdatedAt", l0."UpdatedBy"
        FROM "LeaveTypes" AS l0
        WHERE NOT (l0."IsDeleted")
    ) AS t0 ON l."LeaveTypeId" = t0."Id"
    LEFT JOIN (
        SELECT u0."Id", u0."CreatedAt", u0."CreatedBy", u0."DeletedAt", u0."Email", u0."Gender", u0."IsActive", u0."IsDeleted", u0."LastLoginAt", u0."PasswordHash", u0."Role", u0."Username"
        FROM "Users" AS u0
        WHERE NOT (u0."IsDeleted")
    ) AS t1 ON l."ReviewedById" = t1."Id"
    WHERE NOT (l."IsDeleted") AND l."Id" = @__key_0
    LIMIT 1
) AS t2
LEFT JOIN (
    SELECT l1."Id", l1."DeletedAt", l1."FileContent", l1."FileName", l1."IsDeleted", l1."LeaveRequestId", l1."UploadedAt"
    FROM "LeaveAttachments" AS l1
    WHERE NOT (l1."IsDeleted")
) AS t3 ON t2."Id" = t3."LeaveRequestId"
ORDER BY t2."Id", t2."Id0", t2."Id1", t2."Id2"
2025-06-16 14:06:02,821 [10] INFO  Microsoft.EntityFrameworkCore.Database.Command - Executed DbCommand (148ms) [Parameters=[@p2='?' (DbType = Guid), @p0='?', @p1='?' (DbType = DateTime)], CommandType='Text', CommandTimeout='30']
UPDATE "LeaveRequests" SET "Status" = @p0, "UpdatedAt" = @p1
WHERE "Id" = @p2;
2025-06-16 14:06:02,834 [10] INFO  Microsoft.EntityFrameworkCore.Database.Command - Executed DbCommand (2ms) [Parameters=[@__key_0='?' (DbType = Guid)], CommandType='Text', CommandTimeout='30']
SELECT t2."Id", t2."CreatedAt", t2."DeletedAt", t2."EndDate", t2."IsDeleted", t2."LeaveTypeId", t2."Reason", t2."ReviewedById", t2."StartDate", t2."Status", t2."UpdatedAt", t2."UserId", t2."Id0", t2."CreatedAt0", t2."CreatedBy", t2."DeletedAt0", t2."Email", t2."Gender", t2."IsActive", t2."IsDeleted0", t2."LastLoginAt", t2."PasswordHash", t2."Role", t2."Username", t2."Id1", t2."CreatedAt1", t2."CreatedBy0", t2."DeletedAt1", t2."Description", t2."IsDeleted1", t2."Name", t2."StandardLeaveCount", t2."UpdatedAt0", t2."UpdatedBy", t2."Id2", t2."CreatedAt2", t2."CreatedBy1", t2."DeletedAt2", t2."Email0", t2."Gender0", t2."IsActive0", t2."IsDeleted2", t2."LastLoginAt0", t2."PasswordHash0", t2."Role0", t2."Username0", t3."Id", t3."DeletedAt", t3."FileContent", t3."FileName", t3."IsDeleted", t3."LeaveRequestId", t3."UploadedAt"
FROM (
    SELECT l."Id", l."CreatedAt", l."DeletedAt", l."EndDate", l."IsDeleted", l."LeaveTypeId", l."Reason", l."ReviewedById", l."StartDate", l."Status", l."UpdatedAt", l."UserId", t."Id" AS "Id0", t."CreatedAt" AS "CreatedAt0", t."CreatedBy", t."DeletedAt" AS "DeletedAt0", t."Email", t."Gender", t."IsActive", t."IsDeleted" AS "IsDeleted0", t."LastLoginAt", t."PasswordHash", t."Role", t."Username", t0."Id" AS "Id1", t0."CreatedAt" AS "CreatedAt1", t0."CreatedBy" AS "CreatedBy0", t0."DeletedAt" AS "DeletedAt1", t0."Description", t0."IsDeleted" AS "IsDeleted1", t0."Name", t0."StandardLeaveCount", t0."UpdatedAt" AS "UpdatedAt0", t0."UpdatedBy", t1."Id" AS "Id2", t1."CreatedAt" AS "CreatedAt2", t1."CreatedBy" AS "CreatedBy1", t1."DeletedAt" AS "DeletedAt2", t1."Email" AS "Email0", t1."Gender" AS "Gender0", t1."IsActive" AS "IsActive0", t1."IsDeleted" AS "IsDeleted2", t1."LastLoginAt" AS "LastLoginAt0", t1."PasswordHash" AS "PasswordHash0", t1."Role" AS "Role0", t1."Username" AS "Username0"
    FROM "LeaveRequests" AS l
    INNER JOIN (
        SELECT u."Id", u."CreatedAt", u."CreatedBy", u."DeletedAt", u."Email", u."Gender", u."IsActive", u."IsDeleted", u."LastLoginAt", u."PasswordHash", u."Role", u."Username"
        FROM "Users" AS u
        WHERE NOT (u."IsDeleted")
    ) AS t ON l."UserId" = t."Id"
    INNER JOIN (
        SELECT l0."Id", l0."CreatedAt", l0."CreatedBy", l0."DeletedAt", l0."Description", l0."IsDeleted", l0."Name", l0."StandardLeaveCount", l0."UpdatedAt", l0."UpdatedBy"
        FROM "LeaveTypes" AS l0
        WHERE NOT (l0."IsDeleted")
    ) AS t0 ON l."LeaveTypeId" = t0."Id"
    LEFT JOIN (
        SELECT u0."Id", u0."CreatedAt", u0."CreatedBy", u0."DeletedAt", u0."Email", u0."Gender", u0."IsActive", u0."IsDeleted", u0."LastLoginAt", u0."PasswordHash", u0."Role", u0."Username"
        FROM "Users" AS u0
        WHERE NOT (u0."IsDeleted")
    ) AS t1 ON l."ReviewedById" = t1."Id"
    WHERE NOT (l."IsDeleted") AND l."Id" = @__key_0
    LIMIT 1
) AS t2
LEFT JOIN (
    SELECT l1."Id", l1."DeletedAt", l1."FileContent", l1."FileName", l1."IsDeleted", l1."LeaveRequestId", l1."UploadedAt"
    FROM "LeaveAttachments" AS l1
    WHERE NOT (l1."IsDeleted")
) AS t3 ON t2."Id" = t3."LeaveRequestId"
ORDER BY t2."Id", t2."Id0", t2."Id1", t2."Id2"
2025-06-16 14:06:02,836 [9] INFO  Microsoft.EntityFrameworkCore.Database.Command - Executed DbCommand (1ms) [Parameters=[@p2='?' (DbType = Guid), @p0='?', @p1='?' (DbType = DateTime)], CommandType='Text', CommandTimeout='30']
UPDATE "LeaveRequests" SET "Status" = @p0, "UpdatedAt" = @p1
WHERE "Id" = @p2;
2025-06-16 14:06:02,838 [9] INFO  Microsoft.EntityFrameworkCore.Database.Command - Executed DbCommand (1ms) [Parameters=[@__key_0='?' (DbType = Guid)], CommandType='Text', CommandTimeout='30']
SELECT t2."Id", t2."CreatedAt", t2."DeletedAt", t2."EndDate", t2."IsDeleted", t2."LeaveTypeId", t2."Reason", t2."ReviewedById", t2."StartDate", t2."Status", t2."UpdatedAt", t2."UserId", t2."Id0", t2."CreatedAt0", t2."CreatedBy", t2."DeletedAt0", t2."Email", t2."Gender", t2."IsActive", t2."IsDeleted0", t2."LastLoginAt", t2."PasswordHash", t2."Role", t2."Username", t2."Id1", t2."CreatedAt1", t2."CreatedBy0", t2."DeletedAt1", t2."Description", t2."IsDeleted1", t2."Name", t2."StandardLeaveCount", t2."UpdatedAt0", t2."UpdatedBy", t2."Id2", t2."CreatedAt2", t2."CreatedBy1", t2."DeletedAt2", t2."Email0", t2."Gender0", t2."IsActive0", t2."IsDeleted2", t2."LastLoginAt0", t2."PasswordHash0", t2."Role0", t2."Username0", t3."Id", t3."DeletedAt", t3."FileContent", t3."FileName", t3."IsDeleted", t3."LeaveRequestId", t3."UploadedAt"
FROM (
    SELECT l."Id", l."CreatedAt", l."DeletedAt", l."EndDate", l."IsDeleted", l."LeaveTypeId", l."Reason", l."ReviewedById", l."StartDate", l."Status", l."UpdatedAt", l."UserId", t."Id" AS "Id0", t."CreatedAt" AS "CreatedAt0", t."CreatedBy", t."DeletedAt" AS "DeletedAt0", t."Email", t."Gender", t."IsActive", t."IsDeleted" AS "IsDeleted0", t."LastLoginAt", t."PasswordHash", t."Role", t."Username", t0."Id" AS "Id1", t0."CreatedAt" AS "CreatedAt1", t0."CreatedBy" AS "CreatedBy0", t0."DeletedAt" AS "DeletedAt1", t0."Description", t0."IsDeleted" AS "IsDeleted1", t0."Name", t0."StandardLeaveCount", t0."UpdatedAt" AS "UpdatedAt0", t0."UpdatedBy", t1."Id" AS "Id2", t1."CreatedAt" AS "CreatedAt2", t1."CreatedBy" AS "CreatedBy1", t1."DeletedAt" AS "DeletedAt2", t1."Email" AS "Email0", t1."Gender" AS "Gender0", t1."IsActive" AS "IsActive0", t1."IsDeleted" AS "IsDeleted2", t1."LastLoginAt" AS "LastLoginAt0", t1."PasswordHash" AS "PasswordHash0", t1."Role" AS "Role0", t1."Username" AS "Username0"
    FROM "LeaveRequests" AS l
    INNER JOIN (
        SELECT u."Id", u."CreatedAt", u."CreatedBy", u."DeletedAt", u."Email", u."Gender", u."IsActive", u."IsDeleted", u."LastLoginAt", u."PasswordHash", u."Role", u."Username"
        FROM "Users" AS u
        WHERE NOT (u."IsDeleted")
    ) AS t ON l."UserId" = t."Id"
    INNER JOIN (
        SELECT l0."Id", l0."CreatedAt", l0."CreatedBy", l0."DeletedAt", l0."Description", l0."IsDeleted", l0."Name", l0."StandardLeaveCount", l0."UpdatedAt", l0."UpdatedBy"
        FROM "LeaveTypes" AS l0
        WHERE NOT (l0."IsDeleted")
    ) AS t0 ON l."LeaveTypeId" = t0."Id"
    LEFT JOIN (
        SELECT u0."Id", u0."CreatedAt", u0."CreatedBy", u0."DeletedAt", u0."Email", u0."Gender", u0."IsActive", u0."IsDeleted", u0."LastLoginAt", u0."PasswordHash", u0."Role", u0."Username"
        FROM "Users" AS u0
        WHERE NOT (u0."IsDeleted")
    ) AS t1 ON l."ReviewedById" = t1."Id"
    WHERE NOT (l."IsDeleted") AND l."Id" = @__key_0
    LIMIT 1
) AS t2
LEFT JOIN (
    SELECT l1."Id", l1."DeletedAt", l1."FileContent", l1."FileName", l1."IsDeleted", l1."LeaveRequestId", l1."UploadedAt"
    FROM "LeaveAttachments" AS l1
    WHERE NOT (l1."IsDeleted")
) AS t3 ON t2."Id" = t3."LeaveRequestId"
ORDER BY t2."Id", t2."Id0", t2."Id1", t2."Id2"
2025-06-16 14:06:02,839 [10] INFO  Microsoft.EntityFrameworkCore.Database.Command - Executed DbCommand (0ms) [Parameters=[@p2='?' (DbType = Guid), @p0='?', @p1='?' (DbType = DateTime)], CommandType='Text', CommandTimeout='30']
UPDATE "LeaveRequests" SET "Status" = @p0, "UpdatedAt" = @p1
WHERE "Id" = @p2;
2025-06-16 14:06:02,841 [10] INFO  Microsoft.EntityFrameworkCore.Database.Command - Executed DbCommand (1ms) [Parameters=[@__key_0='?' (DbType = Guid)], CommandType='Text', CommandTimeout='30']
SELECT t2."Id", t2."CreatedAt", t2."DeletedAt", t2."EndDate", t2."IsDeleted", t2."LeaveTypeId", t2."Reason", t2."ReviewedById", t2."StartDate", t2."Status", t2."UpdatedAt", t2."UserId", t2."Id0", t2."CreatedAt0", t2."CreatedBy", t2."DeletedAt0", t2."Email", t2."Gender", t2."IsActive", t2."IsDeleted0", t2."LastLoginAt", t2."PasswordHash", t2."Role", t2."Username", t2."Id1", t2."CreatedAt1", t2."CreatedBy0", t2."DeletedAt1", t2."Description", t2."IsDeleted1", t2."Name", t2."StandardLeaveCount", t2."UpdatedAt0", t2."UpdatedBy", t2."Id2", t2."CreatedAt2", t2."CreatedBy1", t2."DeletedAt2", t2."Email0", t2."Gender0", t2."IsActive0", t2."IsDeleted2", t2."LastLoginAt0", t2."PasswordHash0", t2."Role0", t2."Username0", t3."Id", t3."DeletedAt", t3."FileContent", t3."FileName", t3."IsDeleted", t3."LeaveRequestId", t3."UploadedAt"
FROM (
    SELECT l."Id", l."CreatedAt", l."DeletedAt", l."EndDate", l."IsDeleted", l."LeaveTypeId", l."Reason", l."ReviewedById", l."StartDate", l."Status", l."UpdatedAt", l."UserId", t."Id" AS "Id0", t."CreatedAt" AS "CreatedAt0", t."CreatedBy", t."DeletedAt" AS "DeletedAt0", t."Email", t."Gender", t."IsActive", t."IsDeleted" AS "IsDeleted0", t."LastLoginAt", t."PasswordHash", t."Role", t."Username", t0."Id" AS "Id1", t0."CreatedAt" AS "CreatedAt1", t0."CreatedBy" AS "CreatedBy0", t0."DeletedAt" AS "DeletedAt1", t0."Description", t0."IsDeleted" AS "IsDeleted1", t0."Name", t0."StandardLeaveCount", t0."UpdatedAt" AS "UpdatedAt0", t0."UpdatedBy", t1."Id" AS "Id2", t1."CreatedAt" AS "CreatedAt2", t1."CreatedBy" AS "CreatedBy1", t1."DeletedAt" AS "DeletedAt2", t1."Email" AS "Email0", t1."Gender" AS "Gender0", t1."IsActive" AS "IsActive0", t1."IsDeleted" AS "IsDeleted2", t1."LastLoginAt" AS "LastLoginAt0", t1."PasswordHash" AS "PasswordHash0", t1."Role" AS "Role0", t1."Username" AS "Username0"
    FROM "LeaveRequests" AS l
    INNER JOIN (
        SELECT u."Id", u."CreatedAt", u."CreatedBy", u."DeletedAt", u."Email", u."Gender", u."IsActive", u."IsDeleted", u."LastLoginAt", u."PasswordHash", u."Role", u."Username"
        FROM "Users" AS u
        WHERE NOT (u."IsDeleted")
    ) AS t ON l."UserId" = t."Id"
    INNER JOIN (
        SELECT l0."Id", l0."CreatedAt", l0."CreatedBy", l0."DeletedAt", l0."Description", l0."IsDeleted", l0."Name", l0."StandardLeaveCount", l0."UpdatedAt", l0."UpdatedBy"
        FROM "LeaveTypes" AS l0
        WHERE NOT (l0."IsDeleted")
    ) AS t0 ON l."LeaveTypeId" = t0."Id"
    LEFT JOIN (
        SELECT u0."Id", u0."CreatedAt", u0."CreatedBy", u0."DeletedAt", u0."Email", u0."Gender", u0."IsActive", u0."IsDeleted", u0."LastLoginAt", u0."PasswordHash", u0."Role", u0."Username"
        FROM "Users" AS u0
        WHERE NOT (u0."IsDeleted")
    ) AS t1 ON l."ReviewedById" = t1."Id"
    WHERE NOT (l."IsDeleted") AND l."Id" = @__key_0
    LIMIT 1
) AS t2
LEFT JOIN (
    SELECT l1."Id", l1."DeletedAt", l1."FileContent", l1."FileName", l1."IsDeleted", l1."LeaveRequestId", l1."UploadedAt"
    FROM "LeaveAttachments" AS l1
    WHERE NOT (l1."IsDeleted")
) AS t3 ON t2."Id" = t3."LeaveRequestId"
ORDER BY t2."Id", t2."Id0", t2."Id1", t2."Id2"
2025-06-16 14:06:02,843 [9] INFO  Microsoft.EntityFrameworkCore.Database.Command - Executed DbCommand (1ms) [Parameters=[@p2='?' (DbType = Guid), @p0='?', @p1='?' (DbType = DateTime)], CommandType='Text', CommandTimeout='30']
UPDATE "LeaveRequests" SET "Status" = @p0, "UpdatedAt" = @p1
WHERE "Id" = @p2;
2025-06-16 14:06:35,806 [15] INFO  LeaveManagementSystem.Middlewares.ExceptionHandlingMiddleware - [Incoming Request] Timestamp: 2025-06-16T08:36:35.8053090Z, Method: POST, Path: /api/v1/auth/login, User: Anonymous
2025-06-16 14:06:35,889 [10] INFO  Microsoft.EntityFrameworkCore.Database.Command - Executed DbCommand (1ms) [Parameters=[], CommandType='Text', CommandTimeout='30']
SELECT u."Id", u."CreatedAt", u."CreatedBy", u."DeletedAt", u."Email", u."Gender", u."IsActive", u."IsDeleted", u."LastLoginAt", u."PasswordHash", u."Role", u."Username"
FROM "Users" AS u
WHERE NOT (u."IsDeleted")
2025-06-16 14:06:36,143 [10] INFO  LeaveManagementSystem.Services.AuthenticationService - User joeytrib@example.com logged in successfully
2025-06-16 14:06:36,146 [10] INFO  LeaveManagementSystem.Controllers.AuthenticationController - User joeytrib@example.com logged in successfully.
2025-06-16 14:07:07,058 [15] INFO  LeaveManagementSystem.Middlewares.ExceptionHandlingMiddleware - [Incoming Request] Timestamp: 2025-06-16T08:37:07.0579590Z, Method: POST, Path: /api/v1/auth/login, User: Anonymous
2025-06-16 14:07:07,131 [15] INFO  Microsoft.EntityFrameworkCore.Database.Command - Executed DbCommand (19ms) [Parameters=[], CommandType='Text', CommandTimeout='30']
SELECT u."Id", u."CreatedAt", u."CreatedBy", u."DeletedAt", u."Email", u."Gender", u."IsActive", u."IsDeleted", u."LastLoginAt", u."PasswordHash", u."Role", u."Username"
FROM "Users" AS u
WHERE NOT (u."IsDeleted")
2025-06-16 14:07:07,279 [15] INFO  LeaveManagementSystem.Services.AuthenticationService - User chandler@example.com logged in successfully
2025-06-16 14:07:07,280 [15] INFO  LeaveManagementSystem.Controllers.AuthenticationController - User chandler@example.com logged in successfully.
2025-06-16 14:07:32,697 [10] INFO  LeaveManagementSystem.Middlewares.ExceptionHandlingMiddleware - [Incoming Request] Timestamp: 2025-06-16T08:37:32.6978550Z, Method: POST, Path: /api/v1/auth/login, User: Anonymous
2025-06-16 14:07:32,706 [10] INFO  Microsoft.EntityFrameworkCore.Database.Command - Executed DbCommand (2ms) [Parameters=[], CommandType='Text', CommandTimeout='30']
SELECT u."Id", u."CreatedAt", u."CreatedBy", u."DeletedAt", u."Email", u."Gender", u."IsActive", u."IsDeleted", u."LastLoginAt", u."PasswordHash", u."Role", u."Username"
FROM "Users" AS u
WHERE NOT (u."IsDeleted")
2025-06-16 14:07:32,879 [10] INFO  LeaveManagementSystem.Services.AuthenticationService - User aryastark@example.com logged in successfully
2025-06-16 14:07:32,879 [10] INFO  LeaveManagementSystem.Controllers.AuthenticationController - User aryastark@example.com logged in successfully.
2025-06-16 14:13:38,426 [20] INFO  LeaveManagementSystem.Middlewares.ExceptionHandlingMiddleware - [Incoming Request] Timestamp: 2025-06-16T08:43:38.4264660Z, Method: POST, Path: /api/v1/auth/refresh, User: Anonymous
2025-06-16 14:13:38,478 [25] INFO  Microsoft.EntityFrameworkCore.Database.Command - Executed DbCommand (5ms) [Parameters=[], CommandType='Text', CommandTimeout='30']
SELECT u."Id", u."CreatedAt", u."CreatedBy", u."DeletedAt", u."Email", u."Gender", u."IsActive", u."IsDeleted", u."LastLoginAt", u."PasswordHash", u."Role", u."Username"
FROM "Users" AS u
WHERE NOT (u."IsDeleted")
2025-06-16 14:13:38,479 [25] INFO  LeaveManagementSystem.Services.AuthenticationService - Refresh token used to generate new access token for aryastark@example.com
2025-06-16 14:13:38,480 [25] INFO  LeaveManagementSystem.Controllers.AuthenticationController - Refresh token generated successfully.
2025-06-16 14:14:02,033 [23] INFO  LeaveManagementSystem.Middlewares.ExceptionHandlingMiddleware - [Incoming Request] Timestamp: 2025-06-16T08:44:02.0330930Z, Method: GET, Path: /api/v1/auth/me, User: Chandler
2025-06-16 14:14:02,053 [23] INFO  Microsoft.EntityFrameworkCore.Database.Command - Executed DbCommand (2ms) [Parameters=[], CommandType='Text', CommandTimeout='30']
SELECT u."Id", u."CreatedAt", u."CreatedBy", u."DeletedAt", u."Email", u."Gender", u."IsActive", u."IsDeleted", u."LastLoginAt", u."PasswordHash", u."Role", u."Username"
FROM "Users" AS u
WHERE NOT (u."IsDeleted")
2025-06-16 14:14:02,054 [23] INFO  LeaveManagementSystem.Controllers.AuthenticationController - Current user info retrieved successfully.
2025-06-16 14:16:09,916 [24] INFO  LeaveManagementSystem.Middlewares.ExceptionHandlingMiddleware - [Incoming Request] Timestamp: 2025-06-16T08:46:09.9166070Z, Method: GET, Path: /api/v1/leavetypes, User: Anonymous
2025-06-16 14:16:09,939 [24] INFO  LeaveManagementSystem.Controllers.LeaveTypeController - Fetching all leave types with pagination.
2025-06-16 14:16:09,967 [24] INFO  Microsoft.EntityFrameworkCore.Database.Command - Executed DbCommand (4ms) [Parameters=[], CommandType='Text', CommandTimeout='30']
SELECT l."Id", l."CreatedAt", l."CreatedBy", l."DeletedAt", l."Description", l."IsDeleted", l."Name", l."StandardLeaveCount", l."UpdatedAt", l."UpdatedBy"
FROM "LeaveTypes" AS l
WHERE NOT (l."IsDeleted")
2025-06-16 14:16:14,214 [25] INFO  LeaveManagementSystem.Middlewares.ExceptionHandlingMiddleware - [Incoming Request] Timestamp: 2025-06-16T08:46:14.2141090Z, Method: GET, Path: /api/v1/leavetypes/%7B21a9c3ae-dcc8-41aa-9e64-57ec38b72420%7D%0A, User: Anonymous
2025-06-16 14:16:14,219 [25] INFO  LeaveManagementSystem.Controllers.LeaveTypeController - Fetching leave type with ID: 21a9c3ae-dcc8-41aa-9e64-57ec38b72420
2025-06-16 14:16:14,225 [27] INFO  Microsoft.EntityFrameworkCore.Database.Command - Executed DbCommand (2ms) [Parameters=[@__key_0='?' (DbType = Guid)], CommandType='Text', CommandTimeout='30']
SELECT l."Id", l."CreatedAt", l."CreatedBy", l."DeletedAt", l."Description", l."IsDeleted", l."Name", l."StandardLeaveCount", l."UpdatedAt", l."UpdatedBy"
FROM "LeaveTypes" AS l
WHERE NOT (l."IsDeleted") AND l."Id" = @__key_0
LIMIT 1
2025-06-16 14:18:49,712 [28] INFO  LeaveManagementSystem.Middlewares.ExceptionHandlingMiddleware - [Incoming Request] Timestamp: 2025-06-16T08:48:49.7125770Z, Method: GET, Path: /api/v1/leave-requests, User: Chandler
2025-06-16 14:18:49,728 [28] INFO  LeaveManagementSystem.Controllers.LeaveRequestController - Fetching all leave requests.
2025-06-16 14:18:49,785 [28] INFO  Microsoft.EntityFrameworkCore.Database.Command - Executed DbCommand (26ms) [Parameters=[], CommandType='Text', CommandTimeout='30']
SELECT l."Id", l."CreatedAt", l."DeletedAt", l."EndDate", l."IsDeleted", l."LeaveTypeId", l."Reason", l."ReviewedById", l."StartDate", l."Status", l."UpdatedAt", l."UserId", t."Id", t."CreatedAt", t."CreatedBy", t."DeletedAt", t."Email", t."Gender", t."IsActive", t."IsDeleted", t."LastLoginAt", t."PasswordHash", t."Role", t."Username", t0."Id", t0."CreatedAt", t0."CreatedBy", t0."DeletedAt", t0."Description", t0."IsDeleted", t0."Name", t0."StandardLeaveCount", t0."UpdatedAt", t0."UpdatedBy", t1."Id", t1."CreatedAt", t1."CreatedBy", t1."DeletedAt", t1."Email", t1."Gender", t1."IsActive", t1."IsDeleted", t1."LastLoginAt", t1."PasswordHash", t1."Role", t1."Username", t2."Id", t2."DeletedAt", t2."FileContent", t2."FileName", t2."IsDeleted", t2."LeaveRequestId", t2."UploadedAt"
FROM "LeaveRequests" AS l
INNER JOIN (
    SELECT u."Id", u."CreatedAt", u."CreatedBy", u."DeletedAt", u."Email", u."Gender", u."IsActive", u."IsDeleted", u."LastLoginAt", u."PasswordHash", u."Role", u."Username"
    FROM "Users" AS u
    WHERE NOT (u."IsDeleted")
) AS t ON l."UserId" = t."Id"
INNER JOIN (
    SELECT l0."Id", l0."CreatedAt", l0."CreatedBy", l0."DeletedAt", l0."Description", l0."IsDeleted", l0."Name", l0."StandardLeaveCount", l0."UpdatedAt", l0."UpdatedBy"
    FROM "LeaveTypes" AS l0
    WHERE NOT (l0."IsDeleted")
) AS t0 ON l."LeaveTypeId" = t0."Id"
LEFT JOIN (
    SELECT u0."Id", u0."CreatedAt", u0."CreatedBy", u0."DeletedAt", u0."Email", u0."Gender", u0."IsActive", u0."IsDeleted", u0."LastLoginAt", u0."PasswordHash", u0."Role", u0."Username"
    FROM "Users" AS u0
    WHERE NOT (u0."IsDeleted")
) AS t1 ON l."ReviewedById" = t1."Id"
LEFT JOIN (
    SELECT l1."Id", l1."DeletedAt", l1."FileContent", l1."FileName", l1."IsDeleted", l1."LeaveRequestId", l1."UploadedAt"
    FROM "LeaveAttachments" AS l1
    WHERE NOT (l1."IsDeleted")
) AS t2 ON l."Id" = t2."LeaveRequestId"
WHERE NOT (l."IsDeleted")
ORDER BY l."Id", t."Id", t0."Id", t1."Id"
2025-06-16 14:19:17,028 [28] INFO  LeaveManagementSystem.Middlewares.ExceptionHandlingMiddleware - [Incoming Request] Timestamp: 2025-06-16T08:49:17.0288030Z, Method: PUT, Path: /api/v1/leave-requests/29fafc64-9260-453e-aee6-c0c010ff2d0c/status, User: Chandler
2025-06-16 14:19:17,041 [28] INFO  LeaveManagementSystem.Controllers.LeaveRequestController - Updating leave request status for ID: 29fafc64-9260-453e-aee6-c0c010ff2d0c by approver ID: 0728af92-6d38-4547-be7c-bca1f3dcdcc6
2025-06-16 14:19:17,045 [28] INFO  Microsoft.EntityFrameworkCore.Database.Command - Executed DbCommand (3ms) [Parameters=[@__key_0='?' (DbType = Guid)], CommandType='Text', CommandTimeout='30']
SELECT t2."Id", t2."CreatedAt", t2."DeletedAt", t2."EndDate", t2."IsDeleted", t2."LeaveTypeId", t2."Reason", t2."ReviewedById", t2."StartDate", t2."Status", t2."UpdatedAt", t2."UserId", t2."Id0", t2."CreatedAt0", t2."CreatedBy", t2."DeletedAt0", t2."Email", t2."Gender", t2."IsActive", t2."IsDeleted0", t2."LastLoginAt", t2."PasswordHash", t2."Role", t2."Username", t2."Id1", t2."CreatedAt1", t2."CreatedBy0", t2."DeletedAt1", t2."Description", t2."IsDeleted1", t2."Name", t2."StandardLeaveCount", t2."UpdatedAt0", t2."UpdatedBy", t2."Id2", t2."CreatedAt2", t2."CreatedBy1", t2."DeletedAt2", t2."Email0", t2."Gender0", t2."IsActive0", t2."IsDeleted2", t2."LastLoginAt0", t2."PasswordHash0", t2."Role0", t2."Username0", t3."Id", t3."DeletedAt", t3."FileContent", t3."FileName", t3."IsDeleted", t3."LeaveRequestId", t3."UploadedAt"
FROM (
    SELECT l."Id", l."CreatedAt", l."DeletedAt", l."EndDate", l."IsDeleted", l."LeaveTypeId", l."Reason", l."ReviewedById", l."StartDate", l."Status", l."UpdatedAt", l."UserId", t."Id" AS "Id0", t."CreatedAt" AS "CreatedAt0", t."CreatedBy", t."DeletedAt" AS "DeletedAt0", t."Email", t."Gender", t."IsActive", t."IsDeleted" AS "IsDeleted0", t."LastLoginAt", t."PasswordHash", t."Role", t."Username", t0."Id" AS "Id1", t0."CreatedAt" AS "CreatedAt1", t0."CreatedBy" AS "CreatedBy0", t0."DeletedAt" AS "DeletedAt1", t0."Description", t0."IsDeleted" AS "IsDeleted1", t0."Name", t0."StandardLeaveCount", t0."UpdatedAt" AS "UpdatedAt0", t0."UpdatedBy", t1."Id" AS "Id2", t1."CreatedAt" AS "CreatedAt2", t1."CreatedBy" AS "CreatedBy1", t1."DeletedAt" AS "DeletedAt2", t1."Email" AS "Email0", t1."Gender" AS "Gender0", t1."IsActive" AS "IsActive0", t1."IsDeleted" AS "IsDeleted2", t1."LastLoginAt" AS "LastLoginAt0", t1."PasswordHash" AS "PasswordHash0", t1."Role" AS "Role0", t1."Username" AS "Username0"
    FROM "LeaveRequests" AS l
    INNER JOIN (
        SELECT u."Id", u."CreatedAt", u."CreatedBy", u."DeletedAt", u."Email", u."Gender", u."IsActive", u."IsDeleted", u."LastLoginAt", u."PasswordHash", u."Role", u."Username"
        FROM "Users" AS u
        WHERE NOT (u."IsDeleted")
    ) AS t ON l."UserId" = t."Id"
    INNER JOIN (
        SELECT l0."Id", l0."CreatedAt", l0."CreatedBy", l0."DeletedAt", l0."Description", l0."IsDeleted", l0."Name", l0."StandardLeaveCount", l0."UpdatedAt", l0."UpdatedBy"
        FROM "LeaveTypes" AS l0
        WHERE NOT (l0."IsDeleted")
    ) AS t0 ON l."LeaveTypeId" = t0."Id"
    LEFT JOIN (
        SELECT u0."Id", u0."CreatedAt", u0."CreatedBy", u0."DeletedAt", u0."Email", u0."Gender", u0."IsActive", u0."IsDeleted", u0."LastLoginAt", u0."PasswordHash", u0."Role", u0."Username"
        FROM "Users" AS u0
        WHERE NOT (u0."IsDeleted")
    ) AS t1 ON l."ReviewedById" = t1."Id"
    WHERE NOT (l."IsDeleted") AND l."Id" = @__key_0
    LIMIT 1
) AS t2
LEFT JOIN (
    SELECT l1."Id", l1."DeletedAt", l1."FileContent", l1."FileName", l1."IsDeleted", l1."LeaveRequestId", l1."UploadedAt"
    FROM "LeaveAttachments" AS l1
    WHERE NOT (l1."IsDeleted")
) AS t3 ON t2."Id" = t3."LeaveRequestId"
ORDER BY t2."Id", t2."Id0", t2."Id1", t2."Id2"
2025-06-16 14:19:17,069 [28] ERROR LeaveManagementSystem.Controllers.LeaveRequestController - Error updating leave request status for ID: 29fafc64-9260-453e-aee6-c0c010ff2d0c
System.Exception: Failed to update leave request status You cannot approve or reject your own leave request.
 ---> System.InvalidOperationException: You cannot approve or reject your own leave request.
   at LeaveManagementSystem.Services.LeaveRequestService.UpdateStatusAsync(Guid id, String status, Guid approverId) in /Users/presidio/Desktop/AllApi/LeaveManagementSystem copy/LeaveManagementSystem/Services/LeaveRequestService.cs:line 294
   --- End of inner exception stack trace ---
   at LeaveManagementSystem.Services.LeaveRequestService.UpdateStatusAsync(Guid id, String status, Guid approverId) in /Users/presidio/Desktop/AllApi/LeaveManagementSystem copy/LeaveManagementSystem/Services/LeaveRequestService.cs:line 328
   at LeaveManagementSystem.Controllers.LeaveRequestController.UpdateStatus(Guid id, UpdateLeaveRequestStatusDto dto) in /Users/presidio/Desktop/AllApi/LeaveManagementSystem copy/LeaveManagementSystem/Controllers/LeaveRequestController.cs:line 110
2025-06-16 14:19:51,175 [28] INFO  LeaveManagementSystem.Middlewares.ExceptionHandlingMiddleware - [Incoming Request] Timestamp: 2025-06-16T08:49:51.1749900Z, Method: GET, Path: /api/v1/leave-attachments/by-leave-request/b26b65b2-35f2-4483-8c17-90d4be243245, User: Anonymous
2025-06-16 14:19:51,188 [28] INFO  LeaveManagementSystem.Controllers.LeaveAttachmentController - Fetching attachments for LeaveRequestId: b26b65b2-35f2-4483-8c17-90d4be243245
2025-06-16 14:19:51,204 [28] INFO  Microsoft.EntityFrameworkCore.Database.Command - Executed DbCommand (8ms) [Parameters=[@__key_0='?' (DbType = Guid)], CommandType='Text', CommandTimeout='30']
SELECT t2."Id", t2."CreatedAt", t2."DeletedAt", t2."EndDate", t2."IsDeleted", t2."LeaveTypeId", t2."Reason", t2."ReviewedById", t2."StartDate", t2."Status", t2."UpdatedAt", t2."UserId", t2."Id0", t2."CreatedAt0", t2."CreatedBy", t2."DeletedAt0", t2."Email", t2."Gender", t2."IsActive", t2."IsDeleted0", t2."LastLoginAt", t2."PasswordHash", t2."Role", t2."Username", t2."Id1", t2."CreatedAt1", t2."CreatedBy0", t2."DeletedAt1", t2."Description", t2."IsDeleted1", t2."Name", t2."StandardLeaveCount", t2."UpdatedAt0", t2."UpdatedBy", t2."Id2", t2."CreatedAt2", t2."CreatedBy1", t2."DeletedAt2", t2."Email0", t2."Gender0", t2."IsActive0", t2."IsDeleted2", t2."LastLoginAt0", t2."PasswordHash0", t2."Role0", t2."Username0", t3."Id", t3."DeletedAt", t3."FileContent", t3."FileName", t3."IsDeleted", t3."LeaveRequestId", t3."UploadedAt"
FROM (
    SELECT l."Id", l."CreatedAt", l."DeletedAt", l."EndDate", l."IsDeleted", l."LeaveTypeId", l."Reason", l."ReviewedById", l."StartDate", l."Status", l."UpdatedAt", l."UserId", t."Id" AS "Id0", t."CreatedAt" AS "CreatedAt0", t."CreatedBy", t."DeletedAt" AS "DeletedAt0", t."Email", t."Gender", t."IsActive", t."IsDeleted" AS "IsDeleted0", t."LastLoginAt", t."PasswordHash", t."Role", t."Username", t0."Id" AS "Id1", t0."CreatedAt" AS "CreatedAt1", t0."CreatedBy" AS "CreatedBy0", t0."DeletedAt" AS "DeletedAt1", t0."Description", t0."IsDeleted" AS "IsDeleted1", t0."Name", t0."StandardLeaveCount", t0."UpdatedAt" AS "UpdatedAt0", t0."UpdatedBy", t1."Id" AS "Id2", t1."CreatedAt" AS "CreatedAt2", t1."CreatedBy" AS "CreatedBy1", t1."DeletedAt" AS "DeletedAt2", t1."Email" AS "Email0", t1."Gender" AS "Gender0", t1."IsActive" AS "IsActive0", t1."IsDeleted" AS "IsDeleted2", t1."LastLoginAt" AS "LastLoginAt0", t1."PasswordHash" AS "PasswordHash0", t1."Role" AS "Role0", t1."Username" AS "Username0"
    FROM "LeaveRequests" AS l
    INNER JOIN (
        SELECT u."Id", u."CreatedAt", u."CreatedBy", u."DeletedAt", u."Email", u."Gender", u."IsActive", u."IsDeleted", u."LastLoginAt", u."PasswordHash", u."Role", u."Username"
        FROM "Users" AS u
        WHERE NOT (u."IsDeleted")
    ) AS t ON l."UserId" = t."Id"
    INNER JOIN (
        SELECT l0."Id", l0."CreatedAt", l0."CreatedBy", l0."DeletedAt", l0."Description", l0."IsDeleted", l0."Name", l0."StandardLeaveCount", l0."UpdatedAt", l0."UpdatedBy"
        FROM "LeaveTypes" AS l0
        WHERE NOT (l0."IsDeleted")
    ) AS t0 ON l."LeaveTypeId" = t0."Id"
    LEFT JOIN (
        SELECT u0."Id", u0."CreatedAt", u0."CreatedBy", u0."DeletedAt", u0."Email", u0."Gender", u0."IsActive", u0."IsDeleted", u0."LastLoginAt", u0."PasswordHash", u0."Role", u0."Username"
        FROM "Users" AS u0
        WHERE NOT (u0."IsDeleted")
    ) AS t1 ON l."ReviewedById" = t1."Id"
    WHERE NOT (l."IsDeleted") AND l."Id" = @__key_0
    LIMIT 1
) AS t2
LEFT JOIN (
    SELECT l1."Id", l1."DeletedAt", l1."FileContent", l1."FileName", l1."IsDeleted", l1."LeaveRequestId", l1."UploadedAt"
    FROM "LeaveAttachments" AS l1
    WHERE NOT (l1."IsDeleted")
) AS t3 ON t2."Id" = t3."LeaveRequestId"
ORDER BY t2."Id", t2."Id0", t2."Id1", t2."Id2"
2025-06-16 14:19:51,221 [28] INFO  Microsoft.EntityFrameworkCore.Database.Command - Executed DbCommand (2ms) [Parameters=[], CommandType='Text', CommandTimeout='30']
SELECT l."Id", l."DeletedAt", l."FileContent", l."FileName", l."IsDeleted", l."LeaveRequestId", l."UploadedAt", t."Id", t."CreatedAt", t."DeletedAt", t."EndDate", t."IsDeleted", t."LeaveTypeId", t."Reason", t."ReviewedById", t."StartDate", t."Status", t."UpdatedAt", t."UserId"
FROM "LeaveAttachments" AS l
INNER JOIN (
    SELECT l0."Id", l0."CreatedAt", l0."DeletedAt", l0."EndDate", l0."IsDeleted", l0."LeaveTypeId", l0."Reason", l0."ReviewedById", l0."StartDate", l0."Status", l0."UpdatedAt", l0."UserId"
    FROM "LeaveRequests" AS l0
    WHERE NOT (l0."IsDeleted")
) AS t ON l."LeaveRequestId" = t."Id"
WHERE NOT (l."IsDeleted")
2025-06-16 14:19:51,223 [28] WARN  LeaveManagementSystem.Controllers.LeaveAttachmentController - No attachments found for LeaveRequestId: b26b65b2-35f2-4483-8c17-90d4be243245
2025-06-16 14:20:08,011 [29] INFO  LeaveManagementSystem.Middlewares.ExceptionHandlingMiddleware - [Incoming Request] Timestamp: 2025-06-16T08:50:08.0118510Z, Method: GET, Path: /api/v1/leave-attachments/ebb1552d-4fce-43c5-a202-5937ec83d408, User: Anonymous
2025-06-16 14:20:08,018 [29] INFO  LeaveManagementSystem.Controllers.LeaveAttachmentController - Fetching attachment with ID: ebb1552d-4fce-43c5-a202-5937ec83d408
2025-06-16 14:20:08,025 [29] INFO  Microsoft.EntityFrameworkCore.Database.Command - Executed DbCommand (1ms) [Parameters=[@__key_0='?' (DbType = Guid)], CommandType='Text', CommandTimeout='30']
SELECT l."Id", l."DeletedAt", l."FileContent", l."FileName", l."IsDeleted", l."LeaveRequestId", l."UploadedAt", t."Id", t."CreatedAt", t."DeletedAt", t."EndDate", t."IsDeleted", t."LeaveTypeId", t."Reason", t."ReviewedById", t."StartDate", t."Status", t."UpdatedAt", t."UserId"
FROM "LeaveAttachments" AS l
INNER JOIN (
    SELECT l0."Id", l0."CreatedAt", l0."DeletedAt", l0."EndDate", l0."IsDeleted", l0."LeaveTypeId", l0."Reason", l0."ReviewedById", l0."StartDate", l0."Status", l0."UpdatedAt", l0."UserId"
    FROM "LeaveRequests" AS l0
    WHERE NOT (l0."IsDeleted")
) AS t ON l."LeaveRequestId" = t."Id"
WHERE NOT (l."IsDeleted") AND l."Id" = @__key_0
LIMIT 1
2025-06-16 14:20:08,026 [29] ERROR LeaveManagementSystem.Controllers.LeaveAttachmentController - Error fetching attachment with ID: ebb1552d-4fce-43c5-a202-5937ec83d408
System.Exception: Error occurred while retrieving the leave attachment.
 ---> System.Collections.Generic.KeyNotFoundException: LeaveAttachment with Id ebb1552d-4fce-43c5-a202-5937ec83d408 not found.
   at LeaveManagementSystem.Services.LeaveAttachmentService.GetByIdAsync(Guid id) in /Users/presidio/Desktop/AllApi/LeaveManagementSystem copy/LeaveManagementSystem/Services/LeaveAttachmentService.cs:line 77
   --- End of inner exception stack trace ---
   at LeaveManagementSystem.Services.LeaveAttachmentService.GetByIdAsync(Guid id) in /Users/presidio/Desktop/AllApi/LeaveManagementSystem copy/LeaveManagementSystem/Services/LeaveAttachmentService.cs:line 82
   at LeaveManagementSystem.Controllers.LeaveAttachmentController.GetById(Guid id) in /Users/presidio/Desktop/AllApi/LeaveManagementSystem copy/LeaveManagementSystem/Controllers/LeaveAttachmentController.cs:line 66
2025-06-16 14:24:50,659 [38] INFO  LeaveManagementSystem.Middlewares.ExceptionHandlingMiddleware - [Incoming Request] Timestamp: 2025-06-16T08:54:50.6591100Z, Method: GET, Path: /api/v1/leave-requests, User: Joey
2025-06-16 14:24:50,664 [38] INFO  LeaveManagementSystem.Controllers.LeaveRequestController - Fetching all leave requests.
2025-06-16 14:24:50,735 [41] INFO  Microsoft.EntityFrameworkCore.Database.Command - Executed DbCommand (24ms) [Parameters=[], CommandType='Text', CommandTimeout='30']
SELECT l."Id", l."CreatedAt", l."DeletedAt", l."EndDate", l."IsDeleted", l."LeaveTypeId", l."Reason", l."ReviewedById", l."StartDate", l."Status", l."UpdatedAt", l."UserId", t."Id", t."CreatedAt", t."CreatedBy", t."DeletedAt", t."Email", t."Gender", t."IsActive", t."IsDeleted", t."LastLoginAt", t."PasswordHash", t."Role", t."Username", t0."Id", t0."CreatedAt", t0."CreatedBy", t0."DeletedAt", t0."Description", t0."IsDeleted", t0."Name", t0."StandardLeaveCount", t0."UpdatedAt", t0."UpdatedBy", t1."Id", t1."CreatedAt", t1."CreatedBy", t1."DeletedAt", t1."Email", t1."Gender", t1."IsActive", t1."IsDeleted", t1."LastLoginAt", t1."PasswordHash", t1."Role", t1."Username", t2."Id", t2."DeletedAt", t2."FileContent", t2."FileName", t2."IsDeleted", t2."LeaveRequestId", t2."UploadedAt"
FROM "LeaveRequests" AS l
INNER JOIN (
    SELECT u."Id", u."CreatedAt", u."CreatedBy", u."DeletedAt", u."Email", u."Gender", u."IsActive", u."IsDeleted", u."LastLoginAt", u."PasswordHash", u."Role", u."Username"
    FROM "Users" AS u
    WHERE NOT (u."IsDeleted")
) AS t ON l."UserId" = t."Id"
INNER JOIN (
    SELECT l0."Id", l0."CreatedAt", l0."CreatedBy", l0."DeletedAt", l0."Description", l0."IsDeleted", l0."Name", l0."StandardLeaveCount", l0."UpdatedAt", l0."UpdatedBy"
    FROM "LeaveTypes" AS l0
    WHERE NOT (l0."IsDeleted")
) AS t0 ON l."LeaveTypeId" = t0."Id"
LEFT JOIN (
    SELECT u0."Id", u0."CreatedAt", u0."CreatedBy", u0."DeletedAt", u0."Email", u0."Gender", u0."IsActive", u0."IsDeleted", u0."LastLoginAt", u0."PasswordHash", u0."Role", u0."Username"
    FROM "Users" AS u0
    WHERE NOT (u0."IsDeleted")
) AS t1 ON l."ReviewedById" = t1."Id"
LEFT JOIN (
    SELECT l1."Id", l1."DeletedAt", l1."FileContent", l1."FileName", l1."IsDeleted", l1."LeaveRequestId", l1."UploadedAt"
    FROM "LeaveAttachments" AS l1
    WHERE NOT (l1."IsDeleted")
) AS t2 ON l."Id" = t2."LeaveRequestId"
WHERE NOT (l."IsDeleted")
ORDER BY l."Id", t."Id", t0."Id", t1."Id"
